2024-01-24 21:59:48.405 +03:00 [INF] *->------Program Main start 2024-01-24 21:59:48 ------
2024-01-24 21:59:48.573 +03:00 [INF] *->------Application Run------
2024-01-24 21:59:48.857 +03:00 [INF] *->Services register successfully (Microsoft.AspNetCore.Builder.WebApplicationBuilder)
2024-01-24 21:59:48.909 +03:00 [FTL] *->!!! FATAL ERROR. Programs-Main...fucked up
Microsoft.Extensions.Hosting.HostAbortedException: The host was aborted.
   at Microsoft.Extensions.Hosting.HostFactoryResolver.HostingListener.ThrowHostAborted()
   at Microsoft.Extensions.Hosting.HostFactoryResolver.HostingListener.OnNext(KeyValuePair`2 value)
   at System.Diagnostics.DiagnosticListener.Write(String name, Object value)
   at Microsoft.Extensions.Hosting.HostBuilder.ResolveHost(IServiceProvider serviceProvider, DiagnosticListener diagnosticListener)
   at Microsoft.Extensions.Hosting.HostApplicationBuilder.Build()
   at Microsoft.AspNetCore.Builder.WebApplicationBuilder.Build()
   at Sucre.Program.Main(String[] args) in C:\Projects\ItAcademy\Sukre-v00\Sucre\Sucre_MVC\Program.cs:line 178
2024-01-24 21:59:50.009 +03:00 [WRN] No store type was specified for the decimal property 'A_High' on entity type 'AsPaz'. This will cause values to be silently truncated if they do not fit in the default precision and scale. Explicitly specify the SQL server column type that can accommodate all the values in 'OnModelCreating' using 'HasColumnType', specify precision and scale using 'HasPrecision', or configure a value converter using 'HasConversion'.
2024-01-24 21:59:50.010 +03:00 [WRN] No store type was specified for the decimal property 'A_Low' on entity type 'AsPaz'. This will cause values to be silently truncated if they do not fit in the default precision and scale. Explicitly specify the SQL server column type that can accommodate all the values in 'OnModelCreating' using 'HasColumnType', specify precision and scale using 'HasPrecision', or configure a value converter using 'HasConversion'.
2024-01-24 21:59:50.010 +03:00 [WRN] No store type was specified for the decimal property 'High' on entity type 'AsPaz'. This will cause values to be silently truncated if they do not fit in the default precision and scale. Explicitly specify the SQL server column type that can accommodate all the values in 'OnModelCreating' using 'HasColumnType', specify precision and scale using 'HasPrecision', or configure a value converter using 'HasConversion'.
2024-01-24 21:59:50.010 +03:00 [WRN] No store type was specified for the decimal property 'Low' on entity type 'AsPaz'. This will cause values to be silently truncated if they do not fit in the default precision and scale. Explicitly specify the SQL server column type that can accommodate all the values in 'OnModelCreating' using 'HasColumnType', specify precision and scale using 'HasPrecision', or configure a value converter using 'HasConversion'.
2024-01-24 21:59:50.010 +03:00 [WRN] No store type was specified for the decimal property 'W_High' on entity type 'AsPaz'. This will cause values to be silently truncated if they do not fit in the default precision and scale. Explicitly specify the SQL server column type that can accommodate all the values in 'OnModelCreating' using 'HasColumnType', specify precision and scale using 'HasPrecision', or configure a value converter using 'HasConversion'.
2024-01-24 21:59:50.010 +03:00 [WRN] No store type was specified for the decimal property 'W_Low' on entity type 'AsPaz'. This will cause values to be silently truncated if they do not fit in the default precision and scale. Explicitly specify the SQL server column type that can accommodate all the values in 'OnModelCreating' using 'HasColumnType', specify precision and scale using 'HasPrecision', or configure a value converter using 'HasConversion'.
2024-01-24 21:59:50.010 +03:00 [WRN] No store type was specified for the decimal property 'Value' on entity type 'ValueDay'. This will cause values to be silently truncated if they do not fit in the default precision and scale. Explicitly specify the SQL server column type that can accommodate all the values in 'OnModelCreating' using 'HasColumnType', specify precision and scale using 'HasPrecision', or configure a value converter using 'HasConversion'.
2024-01-24 21:59:50.010 +03:00 [WRN] No store type was specified for the decimal property 'Value' on entity type 'ValueHour'. This will cause values to be silently truncated if they do not fit in the default precision and scale. Explicitly specify the SQL server column type that can accommodate all the values in 'OnModelCreating' using 'HasColumnType', specify precision and scale using 'HasPrecision', or configure a value converter using 'HasConversion'.
2024-01-24 21:59:50.011 +03:00 [WRN] No store type was specified for the decimal property 'Value' on entity type 'ValueMounth'. This will cause values to be silently truncated if they do not fit in the default precision and scale. Explicitly specify the SQL server column type that can accommodate all the values in 'OnModelCreating' using 'HasColumnType', specify precision and scale using 'HasPrecision', or configure a value converter using 'HasConversion'.
2024-01-24 21:59:50.309 +03:00 [WRN] No store type was specified for the decimal property 'A_High' on entity type 'AsPaz'. This will cause values to be silently truncated if they do not fit in the default precision and scale. Explicitly specify the SQL server column type that can accommodate all the values in 'OnModelCreating' using 'HasColumnType', specify precision and scale using 'HasPrecision', or configure a value converter using 'HasConversion'.
2024-01-24 21:59:50.311 +03:00 [WRN] No store type was specified for the decimal property 'A_Low' on entity type 'AsPaz'. This will cause values to be silently truncated if they do not fit in the default precision and scale. Explicitly specify the SQL server column type that can accommodate all the values in 'OnModelCreating' using 'HasColumnType', specify precision and scale using 'HasPrecision', or configure a value converter using 'HasConversion'.
2024-01-24 21:59:50.618 +03:00 [WRN] No store type was specified for the decimal property 'High' on entity type 'AsPaz'. This will cause values to be silently truncated if they do not fit in the default precision and scale. Explicitly specify the SQL server column type that can accommodate all the values in 'OnModelCreating' using 'HasColumnType', specify precision and scale using 'HasPrecision', or configure a value converter using 'HasConversion'.
2024-01-24 21:59:50.618 +03:00 [WRN] No store type was specified for the decimal property 'Low' on entity type 'AsPaz'. This will cause values to be silently truncated if they do not fit in the default precision and scale. Explicitly specify the SQL server column type that can accommodate all the values in 'OnModelCreating' using 'HasColumnType', specify precision and scale using 'HasPrecision', or configure a value converter using 'HasConversion'.
2024-01-24 21:59:50.618 +03:00 [WRN] No store type was specified for the decimal property 'W_High' on entity type 'AsPaz'. This will cause values to be silently truncated if they do not fit in the default precision and scale. Explicitly specify the SQL server column type that can accommodate all the values in 'OnModelCreating' using 'HasColumnType', specify precision and scale using 'HasPrecision', or configure a value converter using 'HasConversion'.
2024-01-24 21:59:50.619 +03:00 [WRN] No store type was specified for the decimal property 'W_Low' on entity type 'AsPaz'. This will cause values to be silently truncated if they do not fit in the default precision and scale. Explicitly specify the SQL server column type that can accommodate all the values in 'OnModelCreating' using 'HasColumnType', specify precision and scale using 'HasPrecision', or configure a value converter using 'HasConversion'.
2024-01-24 21:59:50.619 +03:00 [WRN] No store type was specified for the decimal property 'Value' on entity type 'ValueDay'. This will cause values to be silently truncated if they do not fit in the default precision and scale. Explicitly specify the SQL server column type that can accommodate all the values in 'OnModelCreating' using 'HasColumnType', specify precision and scale using 'HasPrecision', or configure a value converter using 'HasConversion'.
2024-01-24 21:59:51.085 +03:00 [WRN] No store type was specified for the decimal property 'Value' on entity type 'ValueHour'. This will cause values to be silently truncated if they do not fit in the default precision and scale. Explicitly specify the SQL server column type that can accommodate all the values in 'OnModelCreating' using 'HasColumnType', specify precision and scale using 'HasPrecision', or configure a value converter using 'HasConversion'.
2024-01-24 21:59:51.085 +03:00 [WRN] No store type was specified for the decimal property 'Value' on entity type 'ValueMounth'. This will cause values to be silently truncated if they do not fit in the default precision and scale. Explicitly specify the SQL server column type that can accommodate all the values in 'OnModelCreating' using 'HasColumnType', specify precision and scale using 'HasPrecision', or configure a value converter using 'HasConversion'.
2024-01-24 22:01:37.941 +03:00 [INF] *->------Program Main start 2024-01-24 22:01:37 ------
2024-01-24 22:01:38.087 +03:00 [INF] *->------Application Run------
2024-01-24 22:01:38.365 +03:00 [INF] *->Services register successfully (Microsoft.AspNetCore.Builder.WebApplicationBuilder)
2024-01-24 22:01:38.409 +03:00 [FTL] *->!!! FATAL ERROR. Programs-Main...fucked up
Microsoft.Extensions.Hosting.HostAbortedException: The host was aborted.
   at Microsoft.Extensions.Hosting.HostFactoryResolver.HostingListener.ThrowHostAborted()
   at Microsoft.Extensions.Hosting.HostFactoryResolver.HostingListener.OnNext(KeyValuePair`2 value)
   at System.Diagnostics.DiagnosticListener.Write(String name, Object value)
   at Microsoft.Extensions.Hosting.HostBuilder.ResolveHost(IServiceProvider serviceProvider, DiagnosticListener diagnosticListener)
   at Microsoft.Extensions.Hosting.HostApplicationBuilder.Build()
   at Microsoft.AspNetCore.Builder.WebApplicationBuilder.Build()
   at Sucre.Program.Main(String[] args) in C:\Projects\ItAcademy\Sukre-v00\Sucre\Sucre_MVC\Program.cs:line 178
2024-01-24 22:01:39.405 +03:00 [WRN] No store type was specified for the decimal property 'A_High' on entity type 'AsPaz'. This will cause values to be silently truncated if they do not fit in the default precision and scale. Explicitly specify the SQL server column type that can accommodate all the values in 'OnModelCreating' using 'HasColumnType', specify precision and scale using 'HasPrecision', or configure a value converter using 'HasConversion'.
2024-01-24 22:01:39.406 +03:00 [WRN] No store type was specified for the decimal property 'A_Low' on entity type 'AsPaz'. This will cause values to be silently truncated if they do not fit in the default precision and scale. Explicitly specify the SQL server column type that can accommodate all the values in 'OnModelCreating' using 'HasColumnType', specify precision and scale using 'HasPrecision', or configure a value converter using 'HasConversion'.
2024-01-24 22:01:39.406 +03:00 [WRN] No store type was specified for the decimal property 'High' on entity type 'AsPaz'. This will cause values to be silently truncated if they do not fit in the default precision and scale. Explicitly specify the SQL server column type that can accommodate all the values in 'OnModelCreating' using 'HasColumnType', specify precision and scale using 'HasPrecision', or configure a value converter using 'HasConversion'.
2024-01-24 22:01:39.406 +03:00 [WRN] No store type was specified for the decimal property 'Low' on entity type 'AsPaz'. This will cause values to be silently truncated if they do not fit in the default precision and scale. Explicitly specify the SQL server column type that can accommodate all the values in 'OnModelCreating' using 'HasColumnType', specify precision and scale using 'HasPrecision', or configure a value converter using 'HasConversion'.
2024-01-24 22:01:39.406 +03:00 [WRN] No store type was specified for the decimal property 'W_High' on entity type 'AsPaz'. This will cause values to be silently truncated if they do not fit in the default precision and scale. Explicitly specify the SQL server column type that can accommodate all the values in 'OnModelCreating' using 'HasColumnType', specify precision and scale using 'HasPrecision', or configure a value converter using 'HasConversion'.
2024-01-24 22:01:39.406 +03:00 [WRN] No store type was specified for the decimal property 'W_Low' on entity type 'AsPaz'. This will cause values to be silently truncated if they do not fit in the default precision and scale. Explicitly specify the SQL server column type that can accommodate all the values in 'OnModelCreating' using 'HasColumnType', specify precision and scale using 'HasPrecision', or configure a value converter using 'HasConversion'.
2024-01-24 22:01:39.406 +03:00 [WRN] No store type was specified for the decimal property 'Value' on entity type 'ValueDay'. This will cause values to be silently truncated if they do not fit in the default precision and scale. Explicitly specify the SQL server column type that can accommodate all the values in 'OnModelCreating' using 'HasColumnType', specify precision and scale using 'HasPrecision', or configure a value converter using 'HasConversion'.
2024-01-24 22:01:39.529 +03:00 [WRN] No store type was specified for the decimal property 'Value' on entity type 'ValueHour'. This will cause values to be silently truncated if they do not fit in the default precision and scale. Explicitly specify the SQL server column type that can accommodate all the values in 'OnModelCreating' using 'HasColumnType', specify precision and scale using 'HasPrecision', or configure a value converter using 'HasConversion'.
2024-01-24 22:01:39.529 +03:00 [WRN] No store type was specified for the decimal property 'Value' on entity type 'ValueMounth'. This will cause values to be silently truncated if they do not fit in the default precision and scale. Explicitly specify the SQL server column type that can accommodate all the values in 'OnModelCreating' using 'HasColumnType', specify precision and scale using 'HasPrecision', or configure a value converter using 'HasConversion'.
2024-01-24 22:01:40.180 +03:00 [INF] Executed DbCommand (30ms) [Parameters=[], CommandType='"Text"', CommandTimeout='30']
SELECT 1
2024-01-24 22:01:40.223 +03:00 [INF] Executed DbCommand (21ms) [Parameters=[], CommandType='"Text"', CommandTimeout='30']
SELECT OBJECT_ID(N'[__EFMigrationsHistory]');
2024-01-24 22:01:40.227 +03:00 [INF] Executed DbCommand (2ms) [Parameters=[], CommandType='"Text"', CommandTimeout='30']
SELECT 1
2024-01-24 22:01:40.335 +03:00 [INF] Executed DbCommand (8ms) [Parameters=[], CommandType='"Text"', CommandTimeout='30']
CREATE TABLE [__EFMigrationsHistory] (
    [MigrationId] nvarchar(150) NOT NULL,
    [ProductVersion] nvarchar(32) NOT NULL,
    CONSTRAINT [PK___EFMigrationsHistory] PRIMARY KEY ([MigrationId])
);
2024-01-24 22:01:40.518 +03:00 [INF] Executed DbCommand (15ms) [Parameters=[], CommandType='"Text"', CommandTimeout='30']
SELECT 1
2024-01-24 22:01:40.523 +03:00 [INF] Executed DbCommand (4ms) [Parameters=[], CommandType='"Text"', CommandTimeout='30']
SELECT OBJECT_ID(N'[__EFMigrationsHistory]');
2024-01-24 22:01:40.537 +03:00 [INF] Executed DbCommand (11ms) [Parameters=[], CommandType='"Text"', CommandTimeout='30']
SELECT [MigrationId], [ProductVersion]
FROM [__EFMigrationsHistory]
ORDER BY [MigrationId];
2024-01-24 22:01:40.566 +03:00 [INF] Applying migration '20240124185952_EditTableCanal'.
2024-01-24 22:01:40.669 +03:00 [INF] Executed DbCommand (11ms) [Parameters=[], CommandType='"Text"', CommandTimeout='30']
ALTER TABLE [Canals] ADD [Day] bit NOT NULL DEFAULT CAST(0 AS bit);
2024-01-24 22:01:42.307 +03:00 [INF] Executed DbCommand (1,637ms) [Parameters=[], CommandType='"Text"', CommandTimeout='30']
ALTER TABLE [Canals] ADD [Hour] bit NOT NULL DEFAULT CAST(0 AS bit);
2024-01-24 22:01:42.311 +03:00 [INF] Executed DbCommand (3ms) [Parameters=[], CommandType='"Text"', CommandTimeout='30']
ALTER TABLE [Canals] ADD [Month] bit NOT NULL DEFAULT CAST(0 AS bit);
2024-01-24 22:01:42.321 +03:00 [INF] Executed DbCommand (9ms) [Parameters=[], CommandType='"Text"', CommandTimeout='30']
INSERT INTO [__EFMigrationsHistory] ([MigrationId], [ProductVersion])
VALUES (N'20240124185952_EditTableCanal', N'8.0.0');
2024-01-24 22:03:49.369 +03:00 [INF] *->------Program Main start 2024-01-24 22:03:49 ------
2024-01-24 22:03:50.069 +03:00 [INF] *->------Application Run------
2024-01-24 22:03:50.432 +03:00 [INF] *->Services register successfully (Microsoft.AspNetCore.Builder.WebApplicationBuilder)
2024-01-24 22:03:50.586 +03:00 [INF] *->App create succesfully (Microsoft.AspNetCore.Builder.WebApplication)
2024-01-24 22:03:50.710 +03:00 [INF] Start installing Hangfire SQL objects...
2024-01-24 22:03:51.812 +03:00 [INF] Hangfire SQL objects installed.
2024-01-24 22:03:52.307 +03:00 [INF] *->App run (Development)
2024-01-24 22:03:52.328 +03:00 [INF] User profile is available. Using 'C:\Users\posig\AppData\Local\ASP.NET\DataProtection-Keys' as key repository and Windows DPAPI to encrypt keys at rest.
2024-01-24 22:03:52.653 +03:00 [INF] Now listening on: https://localhost:7291
2024-01-24 22:03:52.654 +03:00 [INF] Now listening on: http://localhost:5202
2024-01-24 22:03:52.668 +03:00 [INF] Starting Hangfire Server using job storage: 'SQL Server: .@Sucre-Hangfire'
2024-01-24 22:03:52.669 +03:00 [INF] Using the following options for SQL Server job storage: Queue poll interval: 00:00:00.
2024-01-24 22:03:52.670 +03:00 [INF] Using the following options for Hangfire Server:
    Worker count: 20
    Listening queues: 'default'
    Shutdown timeout: 00:00:15
    Schedule polling interval: 00:00:15
2024-01-24 22:03:52.701 +03:00 [INF] Application started. Press Ctrl+C to shut down.
2024-01-24 22:03:52.702 +03:00 [INF] Hosting environment: Development
2024-01-24 22:03:52.703 +03:00 [INF] Content root path: C:\Projects\ItAcademy\Sukre-v00\Sucre\Sucre_MVC
2024-01-24 22:03:52.983 +03:00 [INF] Server laptop-630v3bbb:40572:c4c7f765 successfully announced in 278,5871 ms
2024-01-24 22:03:53.000 +03:00 [INF] Server laptop-630v3bbb:40572:c4c7f765 is starting the registered dispatchers: ServerWatchdog, ServerJobCancellationWatcher, ExpirationManager, CountersAggregator, SqlServerHeartbeatProcess, Worker, DelayedJobScheduler, RecurringJobScheduler...
2024-01-24 22:03:53.054 +03:00 [INF] 3 servers were removed due to timeout
2024-01-24 22:03:53.159 +03:00 [INF] Server laptop-630v3bbb:40572:c4c7f765 all the dispatchers started
2024-01-24 22:03:55.083 +03:00 [WRN] No store type was specified for the decimal property 'A_High' on entity type 'AsPaz'. This will cause values to be silently truncated if they do not fit in the default precision and scale. Explicitly specify the SQL server column type that can accommodate all the values in 'OnModelCreating' using 'HasColumnType', specify precision and scale using 'HasPrecision', or configure a value converter using 'HasConversion'.
2024-01-24 22:03:55.085 +03:00 [WRN] No store type was specified for the decimal property 'A_Low' on entity type 'AsPaz'. This will cause values to be silently truncated if they do not fit in the default precision and scale. Explicitly specify the SQL server column type that can accommodate all the values in 'OnModelCreating' using 'HasColumnType', specify precision and scale using 'HasPrecision', or configure a value converter using 'HasConversion'.
2024-01-24 22:03:55.087 +03:00 [WRN] No store type was specified for the decimal property 'High' on entity type 'AsPaz'. This will cause values to be silently truncated if they do not fit in the default precision and scale. Explicitly specify the SQL server column type that can accommodate all the values in 'OnModelCreating' using 'HasColumnType', specify precision and scale using 'HasPrecision', or configure a value converter using 'HasConversion'.
2024-01-24 22:03:55.089 +03:00 [WRN] No store type was specified for the decimal property 'Low' on entity type 'AsPaz'. This will cause values to be silently truncated if they do not fit in the default precision and scale. Explicitly specify the SQL server column type that can accommodate all the values in 'OnModelCreating' using 'HasColumnType', specify precision and scale using 'HasPrecision', or configure a value converter using 'HasConversion'.
2024-01-24 22:03:55.091 +03:00 [WRN] No store type was specified for the decimal property 'W_High' on entity type 'AsPaz'. This will cause values to be silently truncated if they do not fit in the default precision and scale. Explicitly specify the SQL server column type that can accommodate all the values in 'OnModelCreating' using 'HasColumnType', specify precision and scale using 'HasPrecision', or configure a value converter using 'HasConversion'.
2024-01-24 22:03:55.093 +03:00 [WRN] No store type was specified for the decimal property 'W_Low' on entity type 'AsPaz'. This will cause values to be silently truncated if they do not fit in the default precision and scale. Explicitly specify the SQL server column type that can accommodate all the values in 'OnModelCreating' using 'HasColumnType', specify precision and scale using 'HasPrecision', or configure a value converter using 'HasConversion'.
2024-01-24 22:03:55.094 +03:00 [WRN] No store type was specified for the decimal property 'Value' on entity type 'ValueDay'. This will cause values to be silently truncated if they do not fit in the default precision and scale. Explicitly specify the SQL server column type that can accommodate all the values in 'OnModelCreating' using 'HasColumnType', specify precision and scale using 'HasPrecision', or configure a value converter using 'HasConversion'.
2024-01-24 22:03:55.096 +03:00 [WRN] No store type was specified for the decimal property 'Value' on entity type 'ValueHour'. This will cause values to be silently truncated if they do not fit in the default precision and scale. Explicitly specify the SQL server column type that can accommodate all the values in 'OnModelCreating' using 'HasColumnType', specify precision and scale using 'HasPrecision', or configure a value converter using 'HasConversion'.
2024-01-24 22:03:55.097 +03:00 [WRN] No store type was specified for the decimal property 'Value' on entity type 'ValueMounth'. This will cause values to be silently truncated if they do not fit in the default precision and scale. Explicitly specify the SQL server column type that can accommodate all the values in 'OnModelCreating' using 'HasColumnType', specify precision and scale using 'HasPrecision', or configure a value converter using 'HasConversion'.
2024-01-24 22:03:55.365 +03:00 [INF] *->Use IRepository DbSucreCex-22:03
2024-01-24 22:03:55.367 +03:00 [INF] SucreUnitOfWork use
2024-01-24 22:03:55.371 +03:00 [INF] *->SucreUnitOfWork use
2024-01-24 22:03:56.159 +03:00 [INF] Executed DbCommand (46ms) [Parameters=[], CommandType='"Text"', CommandTimeout='30']
SELECT [c].[Id], [c].[AsPazEin], [c].[Day], [c].[Description], [c].[Hour], [c].[Month], [c].[Name], [c].[ParameterTypeId], [c].[Reader], [c].[SourceType], [p].[Id], [p].[Mnemo], [p].[Name], [p].[UnitMeas], [v].[Id], [v].[Date], [v].[Hour], [v].[Changed], [v].[Value]
FROM [Canals] AS [c]
INNER JOIN [ParameterTypes] AS [p] ON [c].[ParameterTypeId] = [p].[Id]
LEFT JOIN [ValuesHour] AS [v] ON [c].[Id] = [v].[Id]
WHERE [c].[Reader] = CAST(1 AS bit) AND [c].[SourceType] = 0
ORDER BY [c].[Id], [p].[Id], [v].[Id], [v].[Date]
2024-01-24 22:03:56.311 +03:00 [WRN] Compiling a query which loads related collections for more than one collection navigation, either via 'Include' or through projection, but no 'QuerySplittingBehavior' has been configured. By default, Entity Framework will use 'QuerySplittingBehavior.SingleQuery', which can potentially result in slow query performance. See https://go.microsoft.com/fwlink/?linkid=2134277 for more information. To identify the query that's triggering this warning call 'ConfigureWarnings(w => w.Throw(RelationalEventId.MultipleCollectionIncludeWarning))'.
2024-01-24 22:03:56.399 +03:00 [INF] Executed DbCommand (35ms) [Parameters=[], CommandType='"Text"', CommandTimeout='30']
SELECT [c].[Id], [c].[AsPazEin], [c].[Day], [c].[Description], [c].[Hour], [c].[Month], [c].[Name], [c].[ParameterTypeId], [c].[Reader], [c].[SourceType], [p].[Id], [p].[Mnemo], [p].[Name], [p].[UnitMeas], [v].[Id], [v].[Date], [v].[Hour], [v].[Changed], [v].[Value], [t].[CanalsId], [t].[PointsId], [t].[Id], [t].[CexId], [t].[Description], [t].[EnergyId], [t].[Name], [t].[ServiceStaff], [t].[Id0], [t].[EnergyName]
FROM [Canals] AS [c]
INNER JOIN [ParameterTypes] AS [p] ON [c].[ParameterTypeId] = [p].[Id]
LEFT JOIN [ValuesHour] AS [v] ON [c].[Id] = [v].[Id]
LEFT JOIN (
    SELECT [c0].[CanalsId], [c0].[PointsId], [p0].[Id], [p0].[CexId], [p0].[Description], [p0].[EnergyId], [p0].[Name], [p0].[ServiceStaff], [e].[Id] AS [Id0], [e].[EnergyName]
    FROM [CanalPoint] AS [c0]
    INNER JOIN [Points] AS [p0] ON [c0].[PointsId] = [p0].[Id]
    INNER JOIN [Enegies] AS [e] ON [p0].[EnergyId] = [e].[Id]
) AS [t] ON [c].[Id] = [t].[CanalsId]
WHERE [c].[Reader] = CAST(1 AS bit) AND [c].[SourceType] = 0
ORDER BY [c].[Id], [p].[Id], [v].[Id], [v].[Date], [v].[Hour], [t].[CanalsId], [t].[PointsId], [t].[Id]
2024-01-24 22:04:01.263 +03:00 [INF] Request starting HTTP/2 GET https://localhost:7291/ - null null
2024-01-24 22:04:01.667 +03:00 [INF] Executing endpoint 'Sucre_MVC.Controllers.HomeController.Index (Sucre_MVC)'
2024-01-24 22:04:01.691 +03:00 [INF] Route matched with {action = "Index", controller = "Home"}. Executing controller action with signature Microsoft.AspNetCore.Mvc.IActionResult Index() on controller Sucre_MVC.Controllers.HomeController (Sucre_MVC).
2024-01-24 22:04:01.713 +03:00 [INF] *->FILTER_TEST_RESOURCE...IE - Mozilla/5.0 (Windows NT 10.0; Win64; x64) AppleWebKit/537.36 (KHTML, like Gecko) Chrome/120.0.0.0 Safari/537.36
2024-01-24 22:04:01.727 +03:00 [INF] *->Run action Home-Index
2024-01-24 22:04:01.729 +03:00 [INF] *->Run action Home-Index
2024-01-24 22:04:01.749 +03:00 [INF] Executing ViewResult, running view Index.
2024-01-24 22:04:01.984 +03:00 [INF] *->InitApplicattionDbContext->get DatabaseName
2024-01-24 22:04:02.069 +03:00 [INF] Executed ViewResult - view Index executed in 332.055ms.
2024-01-24 22:04:02.078 +03:00 [INF] Executed action Sucre_MVC.Controllers.HomeController.Index (Sucre_MVC) in 368.9568ms
2024-01-24 22:04:02.080 +03:00 [INF] Executed endpoint 'Sucre_MVC.Controllers.HomeController.Index (Sucre_MVC)'
2024-01-24 22:04:02.091 +03:00 [INF] Request finished HTTP/2 GET https://localhost:7291/ - 200 null text/html; charset=utf-8 835.5791ms
2024-01-24 22:04:02.238 +03:00 [INF] Request starting HTTP/2 GET https://localhost:7291/_framework/aspnetcore-browser-refresh.js - null null
2024-01-24 22:04:02.238 +03:00 [INF] Request starting HTTP/2 GET https://localhost:7291/_vs/browserLink - null null
2024-01-24 22:04:02.258 +03:00 [INF] Request finished HTTP/2 GET https://localhost:7291/_framework/aspnetcore-browser-refresh.js - 200 13754 application/javascript; charset=utf-8 21.7524ms
2024-01-24 22:04:02.385 +03:00 [INF] Request finished HTTP/2 GET https://localhost:7291/_vs/browserLink - 200 null text/javascript; charset=UTF-8 147.1117ms
2024-01-24 22:04:02.619 +03:00 [INF] Request starting HTTP/1.1 GET https://localhost:7291/lib/bootstrap532/dist/js/bootstrap.bundle.js.map - null null
2024-01-24 22:04:02.699 +03:00 [INF] Sending file. Request path: '/lib/bootstrap532/dist/js/bootstrap.bundle.js.map'. Physical path: 'C:\Projects\ItAcademy\Sukre-v00\Sucre\Sucre_MVC\wwwroot\lib\bootstrap532\dist\js\bootstrap.bundle.js.map'
2024-01-24 22:04:02.703 +03:00 [INF] Request finished HTTP/1.1 GET https://localhost:7291/lib/bootstrap532/dist/js/bootstrap.bundle.js.map - 200 444286 text/plain 83.8979ms
2024-01-24 22:04:04.769 +03:00 [INF] Request starting HTTP/2 GET https://localhost:7291/Home/InitDbData - null null
2024-01-24 22:04:04.803 +03:00 [INF] Authorization failed. These requirements were not met:
Handler assertion should evaluate to true.
2024-01-24 22:04:04.812 +03:00 [INF] AuthenticationScheme: Cookies was challenged.
2024-01-24 22:04:04.814 +03:00 [INF] Request finished HTTP/2 GET https://localhost:7291/Home/InitDbData - 302 0 null 45.2199ms
2024-01-24 22:04:04.819 +03:00 [INF] Request starting HTTP/2 GET https://localhost:7291/AppUser/AppUserLogin?ReturnUrl=%2FHome%2FInitDbData - null null
2024-01-24 22:04:04.840 +03:00 [INF] Executing endpoint 'Sucre_MVC.Controllers.AppUserController.AppUserLogin (Sucre_MVC)'
2024-01-24 22:04:04.857 +03:00 [INF] Route matched with {action = "AppUserLogin", controller = "AppUser"}. Executing controller action with signature System.Threading.Tasks.Task`1[Microsoft.AspNetCore.Mvc.IActionResult] AppUserLogin(System.String) on controller Sucre_MVC.Controllers.AppUserController (Sucre_MVC).
2024-01-24 22:04:04.956 +03:00 [INF] *->Use IRepository DbSucreCex-22:04
2024-01-24 22:04:04.958 +03:00 [INF] SucreUnitOfWork use
2024-01-24 22:04:04.959 +03:00 [INF] *->SucreUnitOfWork use
2024-01-24 22:04:05.028 +03:00 [INF] Executing ViewResult, running view AppUserLogin.
2024-01-24 22:04:05.172 +03:00 [INF] *->InitApplicattionDbContext->get DatabaseName
2024-01-24 22:04:05.198 +03:00 [INF] Executed ViewResult - view AppUserLogin executed in 174.0575ms.
2024-01-24 22:04:05.203 +03:00 [INF] Executed action Sucre_MVC.Controllers.AppUserController.AppUserLogin (Sucre_MVC) in 332.7301ms
2024-01-24 22:04:05.206 +03:00 [INF] Executed endpoint 'Sucre_MVC.Controllers.AppUserController.AppUserLogin (Sucre_MVC)'
2024-01-24 22:04:05.211 +03:00 [INF] Request finished HTTP/2 GET https://localhost:7291/AppUser/AppUserLogin?ReturnUrl=%2FHome%2FInitDbData - 200 null text/html; charset=utf-8 392.3124ms
2024-01-24 22:04:05.222 +03:00 [INF] Request starting HTTP/2 GET https://localhost:7291/_framework/aspnetcore-browser-refresh.js - null null
2024-01-24 22:04:05.223 +03:00 [INF] Request starting HTTP/2 GET https://localhost:7291/_vs/browserLink - null null
2024-01-24 22:04:05.228 +03:00 [INF] Request finished HTTP/2 GET https://localhost:7291/_framework/aspnetcore-browser-refresh.js - 200 13754 application/javascript; charset=utf-8 5.1148ms
2024-01-24 22:04:05.264 +03:00 [INF] Request finished HTTP/2 GET https://localhost:7291/_vs/browserLink - 200 null text/javascript; charset=UTF-8 41.3155ms
2024-01-24 22:04:05.270 +03:00 [INF] Request starting HTTP/1.1 GET https://localhost:7291/lib/bootstrap532/dist/js/bootstrap.bundle.js.map - null null
2024-01-24 22:04:05.279 +03:00 [INF] Sending file. Request path: '/lib/bootstrap532/dist/js/bootstrap.bundle.js.map'. Physical path: 'C:\Projects\ItAcademy\Sukre-v00\Sucre\Sucre_MVC\wwwroot\lib\bootstrap532\dist\js\bootstrap.bundle.js.map'
2024-01-24 22:04:05.281 +03:00 [INF] Request finished HTTP/1.1 GET https://localhost:7291/lib/bootstrap532/dist/js/bootstrap.bundle.js.map - 200 444286 text/plain 10.8152ms
2024-01-24 22:04:15.966 +03:00 [INF] Request starting HTTP/2 POST https://localhost:7291/AppUser/AppUserLogin - multipart/form-data; boundary=----WebKitFormBoundaryMcNoUfKv1viiWt6v 637
2024-01-24 22:04:15.989 +03:00 [INF] Executing endpoint 'Sucre_MVC.Controllers.AppUserController.AppUserLoginPost (Sucre_MVC)'
2024-01-24 22:04:16.000 +03:00 [INF] Route matched with {action = "AppUserLogin", controller = "AppUser"}. Executing controller action with signature System.Threading.Tasks.Task`1[Microsoft.AspNetCore.Mvc.IActionResult] AppUserLoginPost(Sucre_Models.AppUserLoginM) on controller Sucre_MVC.Controllers.AppUserController (Sucre_MVC).
2024-01-24 22:04:16.071 +03:00 [INF] *->Use IRepository DbSucreCex-22:04
2024-01-24 22:04:16.077 +03:00 [INF] SucreUnitOfWork use
2024-01-24 22:04:16.078 +03:00 [INF] *->SucreUnitOfWork use
2024-01-24 22:04:16.204 +03:00 [INF] AuthenticationScheme: Cookies signed in.
2024-01-24 22:04:16.212 +03:00 [INF] Executing RedirectResult, redirecting to /.
2024-01-24 22:04:16.213 +03:00 [INF] Executed action Sucre_MVC.Controllers.AppUserController.AppUserLoginPost (Sucre_MVC) in 202.7536ms
2024-01-24 22:04:16.215 +03:00 [INF] Executed endpoint 'Sucre_MVC.Controllers.AppUserController.AppUserLoginPost (Sucre_MVC)'
2024-01-24 22:04:16.218 +03:00 [INF] Request finished HTTP/2 POST https://localhost:7291/AppUser/AppUserLogin - 302 0 null 252.276ms
2024-01-24 22:04:16.220 +03:00 [INF] Request starting HTTP/2 GET https://localhost:7291/ - null null
2024-01-24 22:04:16.240 +03:00 [INF] Executing endpoint 'Sucre_MVC.Controllers.HomeController.Index (Sucre_MVC)'
2024-01-24 22:04:16.241 +03:00 [INF] Route matched with {action = "Index", controller = "Home"}. Executing controller action with signature Microsoft.AspNetCore.Mvc.IActionResult Index() on controller Sucre_MVC.Controllers.HomeController (Sucre_MVC).
2024-01-24 22:04:16.255 +03:00 [INF] *->FILTER_TEST_RESOURCE...IE - Mozilla/5.0 (Windows NT 10.0; Win64; x64) AppleWebKit/537.36 (KHTML, like Gecko) Chrome/120.0.0.0 Safari/537.36
2024-01-24 22:04:16.259 +03:00 [INF] *->Run action Home-Index
2024-01-24 22:04:16.260 +03:00 [INF] *->Run action Home-Index
2024-01-24 22:04:16.262 +03:00 [INF] Executing ViewResult, running view Index.
2024-01-24 22:04:16.337 +03:00 [INF] *->InitApplicattionDbContext->get DatabaseName
2024-01-24 22:04:16.351 +03:00 [INF] Executed ViewResult - view Index executed in 90.4187ms.
2024-01-24 22:04:16.354 +03:00 [INF] Executed action Sucre_MVC.Controllers.HomeController.Index (Sucre_MVC) in 99.624ms
2024-01-24 22:04:16.356 +03:00 [INF] Executed endpoint 'Sucre_MVC.Controllers.HomeController.Index (Sucre_MVC)'
2024-01-24 22:04:16.359 +03:00 [INF] Request finished HTTP/2 GET https://localhost:7291/ - 200 null text/html; charset=utf-8 138.1897ms
2024-01-24 22:04:16.361 +03:00 [INF] Request starting HTTP/2 GET https://localhost:7291/_vs/browserLink - null null
2024-01-24 22:04:16.361 +03:00 [INF] Request starting HTTP/2 GET https://localhost:7291/_framework/aspnetcore-browser-refresh.js - null null
2024-01-24 22:04:16.377 +03:00 [INF] Request finished HTTP/2 GET https://localhost:7291/_framework/aspnetcore-browser-refresh.js - 200 13754 application/javascript; charset=utf-8 15.7607ms
2024-01-24 22:04:16.388 +03:00 [INF] Request finished HTTP/2 GET https://localhost:7291/_vs/browserLink - 200 null text/javascript; charset=UTF-8 27.2405ms
2024-01-24 22:04:16.400 +03:00 [INF] Request starting HTTP/1.1 GET https://localhost:7291/lib/bootstrap532/dist/js/bootstrap.bundle.js.map - null null
2024-01-24 22:04:16.408 +03:00 [INF] Sending file. Request path: '/lib/bootstrap532/dist/js/bootstrap.bundle.js.map'. Physical path: 'C:\Projects\ItAcademy\Sukre-v00\Sucre\Sucre_MVC\wwwroot\lib\bootstrap532\dist\js\bootstrap.bundle.js.map'
2024-01-24 22:04:16.410 +03:00 [INF] Request finished HTTP/1.1 GET https://localhost:7291/lib/bootstrap532/dist/js/bootstrap.bundle.js.map - 200 444286 text/plain 9.5857ms
2024-01-24 22:04:23.246 +03:00 [INF] Request starting HTTP/2 GET https://localhost:7291/Home/InitDbData - null null
2024-01-24 22:04:23.264 +03:00 [INF] Executing endpoint 'Sucre_MVC.Controllers.HomeController.InitDbData (Sucre_MVC)'
2024-01-24 22:04:23.267 +03:00 [INF] Route matched with {action = "InitDbData", controller = "Home"}. Executing controller action with signature Microsoft.AspNetCore.Mvc.IActionResult InitDbData() on controller Sucre_MVC.Controllers.HomeController (Sucre_MVC).
2024-01-24 22:04:23.277 +03:00 [INF] *->FILTER_TEST_RESOURCE...IE - Mozilla/5.0 (Windows NT 10.0; Win64; x64) AppleWebKit/537.36 (KHTML, like Gecko) Chrome/120.0.0.0 Safari/537.36
2024-01-24 22:04:23.285 +03:00 [INF] *->InitApplicattionDbContext->InitDbvalue...BEGIN
2024-01-24 22:04:23.314 +03:00 [INF] Executed DbCommand (4ms) [Parameters=[], CommandType='"Text"', CommandTimeout='30']
SELECT 1
2024-01-24 22:04:26.398 +03:00 [INF] Executed DbCommand (3,026ms) [Parameters=[], CommandType='"Text"', CommandTimeout='60']
IF SERVERPROPERTY('EngineEdition') <> 5
BEGIN
    ALTER DATABASE [Sucre-00] SET SINGLE_USER WITH ROLLBACK IMMEDIATE;
END;
2024-01-24 22:04:26.450 +03:00 [INF] Executed DbCommand (44ms) [Parameters=[], CommandType='"Text"', CommandTimeout='60']
DROP DATABASE [Sucre-00];
2024-01-24 22:04:26.687 +03:00 [WRN] No store type was specified for the decimal property 'A_High' on entity type 'AsPaz'. This will cause values to be silently truncated if they do not fit in the default precision and scale. Explicitly specify the SQL server column type that can accommodate all the values in 'OnModelCreating' using 'HasColumnType', specify precision and scale using 'HasPrecision', or configure a value converter using 'HasConversion'.
2024-01-24 22:04:26.689 +03:00 [WRN] No store type was specified for the decimal property 'A_Low' on entity type 'AsPaz'. This will cause values to be silently truncated if they do not fit in the default precision and scale. Explicitly specify the SQL server column type that can accommodate all the values in 'OnModelCreating' using 'HasColumnType', specify precision and scale using 'HasPrecision', or configure a value converter using 'HasConversion'.
2024-01-24 22:04:26.690 +03:00 [WRN] No store type was specified for the decimal property 'High' on entity type 'AsPaz'. This will cause values to be silently truncated if they do not fit in the default precision and scale. Explicitly specify the SQL server column type that can accommodate all the values in 'OnModelCreating' using 'HasColumnType', specify precision and scale using 'HasPrecision', or configure a value converter using 'HasConversion'.
2024-01-24 22:04:26.692 +03:00 [WRN] No store type was specified for the decimal property 'Low' on entity type 'AsPaz'. This will cause values to be silently truncated if they do not fit in the default precision and scale. Explicitly specify the SQL server column type that can accommodate all the values in 'OnModelCreating' using 'HasColumnType', specify precision and scale using 'HasPrecision', or configure a value converter using 'HasConversion'.
2024-01-24 22:04:26.701 +03:00 [WRN] No store type was specified for the decimal property 'W_High' on entity type 'AsPaz'. This will cause values to be silently truncated if they do not fit in the default precision and scale. Explicitly specify the SQL server column type that can accommodate all the values in 'OnModelCreating' using 'HasColumnType', specify precision and scale using 'HasPrecision', or configure a value converter using 'HasConversion'.
2024-01-24 22:04:26.703 +03:00 [WRN] No store type was specified for the decimal property 'W_Low' on entity type 'AsPaz'. This will cause values to be silently truncated if they do not fit in the default precision and scale. Explicitly specify the SQL server column type that can accommodate all the values in 'OnModelCreating' using 'HasColumnType', specify precision and scale using 'HasPrecision', or configure a value converter using 'HasConversion'.
2024-01-24 22:04:26.705 +03:00 [WRN] No store type was specified for the decimal property 'Value' on entity type 'ValueDay'. This will cause values to be silently truncated if they do not fit in the default precision and scale. Explicitly specify the SQL server column type that can accommodate all the values in 'OnModelCreating' using 'HasColumnType', specify precision and scale using 'HasPrecision', or configure a value converter using 'HasConversion'.
2024-01-24 22:04:26.719 +03:00 [WRN] No store type was specified for the decimal property 'Value' on entity type 'ValueHour'. This will cause values to be silently truncated if they do not fit in the default precision and scale. Explicitly specify the SQL server column type that can accommodate all the values in 'OnModelCreating' using 'HasColumnType', specify precision and scale using 'HasPrecision', or configure a value converter using 'HasConversion'.
2024-01-24 22:04:26.722 +03:00 [WRN] No store type was specified for the decimal property 'Value' on entity type 'ValueMounth'. This will cause values to be silently truncated if they do not fit in the default precision and scale. Explicitly specify the SQL server column type that can accommodate all the values in 'OnModelCreating' using 'HasColumnType', specify precision and scale using 'HasPrecision', or configure a value converter using 'HasConversion'.
2024-01-24 22:04:27.068 +03:00 [INF] Executed DbCommand (276ms) [Parameters=[], CommandType='"Text"', CommandTimeout='60']
CREATE DATABASE [Sucre-00];
2024-01-24 22:04:27.155 +03:00 [INF] Executed DbCommand (81ms) [Parameters=[], CommandType='"Text"', CommandTimeout='60']
IF SERVERPROPERTY('EngineEdition') <> 5
BEGIN
    ALTER DATABASE [Sucre-00] SET READ_COMMITTED_SNAPSHOT ON;
END;
2024-01-24 22:04:27.180 +03:00 [INF] Executed DbCommand (4ms) [Parameters=[], CommandType='"Text"', CommandTimeout='30']
SELECT 1
2024-01-24 22:04:27.362 +03:00 [INF] Executed DbCommand (14ms) [Parameters=[], CommandType='"Text"', CommandTimeout='30']
CREATE TABLE [AppRoles] (
    [Id] uniqueidentifier NOT NULL,
    [Name] nvarchar(12) NOT NULL,
    [Value] nvarchar(255) NOT NULL,
    CONSTRAINT [PK_AppRoles] PRIMARY KEY ([Id])
);
2024-01-24 22:04:27.374 +03:00 [INF] Executed DbCommand (5ms) [Parameters=[], CommandType='"Text"', CommandTimeout='30']
CREATE TABLE [AppUsers] (
    [Id] uniqueidentifier NOT NULL,
    [Name] nvarchar(30) NULL,
    [Description] nvarchar(255) NULL,
    [Email] nvarchar(max) NOT NULL,
    [PasswordHash] nvarchar(max) NOT NULL,
    [GroupNumber] int NOT NULL,
    CONSTRAINT [PK_AppUsers] PRIMARY KEY ([Id])
);
2024-01-24 22:04:27.387 +03:00 [INF] Executed DbCommand (6ms) [Parameters=[], CommandType='"Text"', CommandTimeout='30']
CREATE TABLE [Cexs] (
    [Id] int NOT NULL IDENTITY,
    [Management] nvarchar(35) NULL,
    [CexName] nvarchar(35) NULL,
    [Area] nvarchar(50) NULL,
    [Device] nvarchar(50) NULL,
    [Location] nvarchar(70) NULL,
    CONSTRAINT [PK_Cexs] PRIMARY KEY ([Id])
);
2024-01-24 22:04:27.401 +03:00 [INF] Executed DbCommand (6ms) [Parameters=[], CommandType='"Text"', CommandTimeout='30']
CREATE TABLE [Enegies] (
    [Id] int NOT NULL IDENTITY,
    [EnergyName] nvarchar(15) NOT NULL,
    CONSTRAINT [PK_Enegies] PRIMARY KEY ([Id])
);
2024-01-24 22:04:27.413 +03:00 [INF] Executed DbCommand (5ms) [Parameters=[], CommandType='"Text"', CommandTimeout='30']
CREATE TABLE [GroupUsers] (
    [Id] int NOT NULL IDENTITY,
    [Number] int NOT NULL,
    [Description] nvarchar(255) NOT NULL,
    CONSTRAINT [PK_GroupUsers] PRIMARY KEY ([Id])
);
2024-01-24 22:04:27.425 +03:00 [INF] Executed DbCommand (4ms) [Parameters=[], CommandType='"Text"', CommandTimeout='30']
CREATE TABLE [ParameterTypes] (
    [Id] int NOT NULL IDENTITY,
    [Name] nvarchar(15) NOT NULL,
    [Mnemo] nvarchar(5) NOT NULL,
    [UnitMeas] nvarchar(8) NOT NULL,
    CONSTRAINT [PK_ParameterTypes] PRIMARY KEY ([Id])
);
2024-01-24 22:04:27.436 +03:00 [INF] Executed DbCommand (5ms) [Parameters=[], CommandType='"Text"', CommandTimeout='30']
CREATE TABLE [Reports] (
    [Id] int NOT NULL IDENTITY,
    [Name] nvarchar(25) NOT NULL,
    [Description] nvarchar(255) NOT NULL,
    CONSTRAINT [PK_Reports] PRIMARY KEY ([Id])
);
2024-01-24 22:04:27.448 +03:00 [INF] Executed DbCommand (6ms) [Parameters=[], CommandType='"Text"', CommandTimeout='30']
CREATE TABLE [AppRoleAppUser] (
    [AppRolesId] uniqueidentifier NOT NULL,
    [AppUsersId] uniqueidentifier NOT NULL,
    CONSTRAINT [PK_AppRoleAppUser] PRIMARY KEY ([AppRolesId], [AppUsersId]),
    CONSTRAINT [FK_AppRoleAppUser_AppRoles_AppRolesId] FOREIGN KEY ([AppRolesId]) REFERENCES [AppRoles] ([Id]) ON DELETE CASCADE,
    CONSTRAINT [FK_AppRoleAppUser_AppUsers_AppUsersId] FOREIGN KEY ([AppUsersId]) REFERENCES [AppUsers] ([Id]) ON DELETE CASCADE
);
2024-01-24 22:04:27.463 +03:00 [INF] Executed DbCommand (6ms) [Parameters=[], CommandType='"Text"', CommandTimeout='30']
CREATE TABLE [RefreshTokens] (
    [Id] uniqueidentifier NOT NULL,
    [GenerateAt] datetime2 NOT NULL,
    [ExpiringAt] datetime2 NOT NULL,
    [AssociatedDeviceName] nvarchar(max) NOT NULL,
    [AppUserId] uniqueidentifier NOT NULL,
    CONSTRAINT [PK_RefreshTokens] PRIMARY KEY ([Id]),
    CONSTRAINT [FK_RefreshTokens_AppUsers_AppUserId] FOREIGN KEY ([AppUserId]) REFERENCES [AppUsers] ([Id]) ON DELETE CASCADE
);
2024-01-24 22:04:27.476 +03:00 [INF] Executed DbCommand (6ms) [Parameters=[], CommandType='"Text"', CommandTimeout='30']
CREATE TABLE [Points] (
    [Id] int NOT NULL IDENTITY,
    [Name] nvarchar(25) NOT NULL,
    [Description] nvarchar(255) NULL,
    [EnergyId] int NOT NULL,
    [CexId] int NOT NULL,
    [ServiceStaff] nvarchar(20) NULL,
    CONSTRAINT [PK_Points] PRIMARY KEY ([Id]),
    CONSTRAINT [FK_Points_Cexs_CexId] FOREIGN KEY ([CexId]) REFERENCES [Cexs] ([Id]) ON DELETE CASCADE,
    CONSTRAINT [FK_Points_Enegies_EnergyId] FOREIGN KEY ([EnergyId]) REFERENCES [Enegies] ([Id]) ON DELETE CASCADE
);
2024-01-24 22:04:27.491 +03:00 [INF] Executed DbCommand (8ms) [Parameters=[], CommandType='"Text"', CommandTimeout='30']
CREATE TABLE [Canals] (
    [Id] int NOT NULL IDENTITY,
    [Name] nvarchar(30) NOT NULL,
    [Description] nvarchar(255) NULL,
    [ParameterTypeId] int NOT NULL,
    [Reader] bit NOT NULL,
    [SourceType] int NOT NULL,
    [AsPazEin] bit NOT NULL,
    [Hour] bit NOT NULL,
    [Day] bit NOT NULL,
    [Month] bit NOT NULL,
    CONSTRAINT [PK_Canals] PRIMARY KEY ([Id]),
    CONSTRAINT [FK_Canals_ParameterTypes_ParameterTypeId] FOREIGN KEY ([ParameterTypeId]) REFERENCES [ParameterTypes] ([Id]) ON DELETE CASCADE
);
2024-01-24 22:04:27.503 +03:00 [INF] Executed DbCommand (6ms) [Parameters=[], CommandType='"Text"', CommandTimeout='30']
CREATE TABLE [GroupUserReport] (
    [GroupUsersId] int NOT NULL,
    [ReportsId] int NOT NULL,
    CONSTRAINT [PK_GroupUserReport] PRIMARY KEY ([GroupUsersId], [ReportsId]),
    CONSTRAINT [FK_GroupUserReport_GroupUsers_GroupUsersId] FOREIGN KEY ([GroupUsersId]) REFERENCES [GroupUsers] ([Id]) ON DELETE CASCADE,
    CONSTRAINT [FK_GroupUserReport_Reports_ReportsId] FOREIGN KEY ([ReportsId]) REFERENCES [Reports] ([Id]) ON DELETE CASCADE
);
2024-01-24 22:04:27.517 +03:00 [INF] Executed DbCommand (6ms) [Parameters=[], CommandType='"Text"', CommandTimeout='30']
CREATE TABLE [AsPazs] (
    [Id] int NOT NULL IDENTITY,
    [High] decimal(18,2) NULL,
    [Low] decimal(18,2) NULL,
    [A_High] decimal(18,2) NULL,
    [W_High] decimal(18,2) NULL,
    [W_Low] decimal(18,2) NULL,
    [A_Low] decimal(18,2) NULL,
    [A_HighEin] bit NOT NULL,
    [W_HighEin] bit NOT NULL,
    [W_LowEin] bit NOT NULL,
    [A_LowEin] bit NOT NULL,
    [A_HighType] bit NOT NULL,
    [W_HighType] bit NOT NULL,
    [W_LowType] bit NOT NULL,
    [A_LowType] bit NOT NULL,
    [CanalId] int NULL,
    CONSTRAINT [PK_AsPazs] PRIMARY KEY ([Id]),
    CONSTRAINT [FK_AsPazs_Canals_CanalId] FOREIGN KEY ([CanalId]) REFERENCES [Canals] ([Id])
);
2024-01-24 22:04:27.530 +03:00 [INF] Executed DbCommand (5ms) [Parameters=[], CommandType='"Text"', CommandTimeout='30']
CREATE TABLE [CanalPoint] (
    [CanalsId] int NOT NULL,
    [PointsId] int NOT NULL,
    CONSTRAINT [PK_CanalPoint] PRIMARY KEY ([CanalsId], [PointsId]),
    CONSTRAINT [FK_CanalPoint_Canals_CanalsId] FOREIGN KEY ([CanalsId]) REFERENCES [Canals] ([Id]) ON DELETE CASCADE,
    CONSTRAINT [FK_CanalPoint_Points_PointsId] FOREIGN KEY ([PointsId]) REFERENCES [Points] ([Id]) ON DELETE CASCADE
);
2024-01-24 22:04:27.543 +03:00 [INF] Executed DbCommand (5ms) [Parameters=[], CommandType='"Text"', CommandTimeout='30']
CREATE TABLE [ValuesDay] (
    [Id] int NOT NULL,
    [Date] datetime2 NOT NULL,
    [Value] decimal(18,2) NOT NULL,
    [Changed] bit NOT NULL,
    CONSTRAINT [PK_ValuesDay] PRIMARY KEY ([Id], [Date]),
    CONSTRAINT [FK_ValuesDay_Canals_Id] FOREIGN KEY ([Id]) REFERENCES [Canals] ([Id]) ON DELETE CASCADE
);
2024-01-24 22:04:27.556 +03:00 [INF] Executed DbCommand (4ms) [Parameters=[], CommandType='"Text"', CommandTimeout='30']
CREATE TABLE [ValuesHour] (
    [Id] int NOT NULL,
    [Date] datetime2 NOT NULL,
    [Hour] int NOT NULL,
    [Value] decimal(18,2) NOT NULL,
    [Changed] bit NOT NULL,
    CONSTRAINT [PK_ValuesHour] PRIMARY KEY ([Id], [Date], [Hour]),
    CONSTRAINT [FK_ValuesHour_Canals_Id] FOREIGN KEY ([Id]) REFERENCES [Canals] ([Id]) ON DELETE CASCADE
);
2024-01-24 22:04:27.571 +03:00 [INF] Executed DbCommand (6ms) [Parameters=[], CommandType='"Text"', CommandTimeout='30']
CREATE TABLE [ValuesMounth] (
    [Id] int NOT NULL,
    [Date] datetime2 NOT NULL,
    [Value] decimal(18,2) NOT NULL,
    [Changed] bit NOT NULL,
    [PlanFact] bit NOT NULL,
    CONSTRAINT [PK_ValuesMounth] PRIMARY KEY ([Id], [Date]),
    CONSTRAINT [FK_ValuesMounth_Canals_Id] FOREIGN KEY ([Id]) REFERENCES [Canals] ([Id]) ON DELETE CASCADE
);
2024-01-24 22:04:27.581 +03:00 [INF] Executed DbCommand (3ms) [Parameters=[], CommandType='"Text"', CommandTimeout='30']
CREATE INDEX [IX_AppRoleAppUser_AppUsersId] ON [AppRoleAppUser] ([AppUsersId]);
2024-01-24 22:04:27.591 +03:00 [INF] Executed DbCommand (4ms) [Parameters=[], CommandType='"Text"', CommandTimeout='30']
CREATE UNIQUE INDEX [IX_AsPazs_CanalId] ON [AsPazs] ([CanalId]) WHERE [CanalId] IS NOT NULL;
2024-01-24 22:04:27.602 +03:00 [INF] Executed DbCommand (4ms) [Parameters=[], CommandType='"Text"', CommandTimeout='30']
CREATE INDEX [IX_CanalPoint_PointsId] ON [CanalPoint] ([PointsId]);
2024-01-24 22:04:27.613 +03:00 [INF] Executed DbCommand (3ms) [Parameters=[], CommandType='"Text"', CommandTimeout='30']
CREATE INDEX [IX_Canals_ParameterTypeId] ON [Canals] ([ParameterTypeId]);
2024-01-24 22:04:27.623 +03:00 [INF] Executed DbCommand (3ms) [Parameters=[], CommandType='"Text"', CommandTimeout='30']
CREATE INDEX [IX_GroupUserReport_ReportsId] ON [GroupUserReport] ([ReportsId]);
2024-01-24 22:04:27.634 +03:00 [INF] Executed DbCommand (4ms) [Parameters=[], CommandType='"Text"', CommandTimeout='30']
CREATE INDEX [IX_Points_CexId] ON [Points] ([CexId]);
2024-01-24 22:04:27.644 +03:00 [INF] Executed DbCommand (4ms) [Parameters=[], CommandType='"Text"', CommandTimeout='30']
CREATE INDEX [IX_Points_EnergyId] ON [Points] ([EnergyId]);
2024-01-24 22:04:27.655 +03:00 [INF] Executed DbCommand (3ms) [Parameters=[], CommandType='"Text"', CommandTimeout='30']
CREATE INDEX [IX_RefreshTokens_AppUserId] ON [RefreshTokens] ([AppUserId]);
2024-01-24 22:04:27.671 +03:00 [INF] *->InitApplicattionDbContext->InitDbvalue->SetValueDb...START
2024-01-24 22:04:28.165 +03:00 [INF] Executed DbCommand (45ms) [Parameters=[@p0='?' (Size = 50), @p1='?' (Size = 35), @p2='?' (Size = 50), @p3='?' (Size = 70), @p4='?' (Size = 35), @p5='?' (Size = 50), @p6='?' (Size = 35), @p7='?' (Size = 50), @p8='?' (Size = 70), @p9='?' (Size = 35), @p10='?' (Size = 50), @p11='?' (Size = 35), @p12='?' (Size = 50), @p13='?' (Size = 70), @p14='?' (Size = 35), @p15='?' (Size = 50), @p16='?' (Size = 35), @p17='?' (Size = 50), @p18='?' (Size = 70), @p19='?' (Size = 35), @p20='?' (Size = 50), @p21='?' (Size = 35), @p22='?' (Size = 50), @p23='?' (Size = 70), @p24='?' (Size = 35), @p25='?' (Size = 15), @p26='?' (Size = 15), @p27='?' (Size = 15), @p28='?' (Size = 15), @p29='?' (Size = 15), @p30='?' (Size = 5), @p31='?' (Size = 15), @p32='?' (Size = 8), @p33='?' (Size = 5), @p34='?' (Size = 15), @p35='?' (Size = 8), @p36='?' (Size = 5), @p37='?' (Size = 15), @p38='?' (Size = 8), @p39='?' (Size = 5), @p40='?' (Size = 15), @p41='?' (Size = 8), @p42='?' (Size = 5), @p43='?' (Size = 15), @p44='?' (Size = 8), @p45='?' (Size = 5), @p46='?' (Size = 15), @p47='?' (Size = 8), @p48='?' (Size = 5), @p49='?' (Size = 15), @p50='?' (Size = 8)], CommandType='"Text"', CommandTimeout='30']
SET NOCOUNT ON;
MERGE [Cexs] USING (
VALUES (@p0, @p1, @p2, @p3, @p4, 0),
(@p5, @p6, @p7, @p8, @p9, 1),
(@p10, @p11, @p12, @p13, @p14, 2),
(@p15, @p16, @p17, @p18, @p19, 3),
(@p20, @p21, @p22, @p23, @p24, 4)) AS i ([Area], [CexName], [Device], [Location], [Management], _Position) ON 1=0
WHEN NOT MATCHED THEN
INSERT ([Area], [CexName], [Device], [Location], [Management])
VALUES (i.[Area], i.[CexName], i.[Device], i.[Location], i.[Management])
OUTPUT INSERTED.[Id], i._Position;
MERGE [Enegies] USING (
VALUES (@p25, 0),
(@p26, 1),
(@p27, 2),
(@p28, 3),
(@p29, 4)) AS i ([EnergyName], _Position) ON 1=0
WHEN NOT MATCHED THEN
INSERT ([EnergyName])
VALUES (i.[EnergyName])
OUTPUT INSERTED.[Id], i._Position;
MERGE [ParameterTypes] USING (
VALUES (@p30, @p31, @p32, 0),
(@p33, @p34, @p35, 1),
(@p36, @p37, @p38, 2),
(@p39, @p40, @p41, 3),
(@p42, @p43, @p44, 4),
(@p45, @p46, @p47, 5),
(@p48, @p49, @p50, 6)) AS i ([Mnemo], [Name], [UnitMeas], _Position) ON 1=0
WHEN NOT MATCHED THEN
INSERT ([Mnemo], [Name], [UnitMeas])
VALUES (i.[Mnemo], i.[Name], i.[UnitMeas])
OUTPUT INSERTED.[Id], i._Position;
2024-01-24 22:04:28.514 +03:00 [INF] Executed DbCommand (44ms) [Parameters=[@p0='?' (DbType = Boolean), @p1='?' (DbType = Boolean), @p2='?' (Size = 255), @p3='?' (DbType = Boolean), @p4='?' (DbType = Boolean), @p5='?' (Size = 30), @p6='?' (DbType = Int32), @p7='?' (DbType = Boolean), @p8='?' (DbType = Int32), @p9='?' (DbType = Boolean), @p10='?' (DbType = Boolean), @p11='?' (Size = 255), @p12='?' (DbType = Boolean), @p13='?' (DbType = Boolean), @p14='?' (Size = 30), @p15='?' (DbType = Int32), @p16='?' (DbType = Boolean), @p17='?' (DbType = Int32), @p18='?' (DbType = Boolean), @p19='?' (DbType = Boolean), @p20='?' (Size = 255), @p21='?' (DbType = Boolean), @p22='?' (DbType = Boolean), @p23='?' (Size = 30), @p24='?' (DbType = Int32), @p25='?' (DbType = Boolean), @p26='?' (DbType = Int32), @p27='?' (DbType = Boolean), @p28='?' (DbType = Boolean), @p29='?' (Size = 255), @p30='?' (DbType = Boolean), @p31='?' (DbType = Boolean), @p32='?' (Size = 30), @p33='?' (DbType = Int32), @p34='?' (DbType = Boolean), @p35='?' (DbType = Int32), @p36='?' (DbType = Boolean), @p37='?' (DbType = Boolean), @p38='?' (Size = 255), @p39='?' (DbType = Boolean), @p40='?' (DbType = Boolean), @p41='?' (Size = 30), @p42='?' (DbType = Int32), @p43='?' (DbType = Boolean), @p44='?' (DbType = Int32), @p45='?' (DbType = Boolean), @p46='?' (DbType = Boolean), @p47='?' (Size = 255), @p48='?' (DbType = Boolean), @p49='?' (DbType = Boolean), @p50='?' (Size = 30), @p51='?' (DbType = Int32), @p52='?' (DbType = Boolean), @p53='?' (DbType = Int32), @p54='?' (DbType = Boolean), @p55='?' (DbType = Boolean), @p56='?' (Size = 255), @p57='?' (DbType = Boolean), @p58='?' (DbType = Boolean), @p59='?' (Size = 30), @p60='?' (DbType = Int32), @p61='?' (DbType = Boolean), @p62='?' (DbType = Int32), @p63='?' (DbType = Boolean), @p64='?' (DbType = Boolean), @p65='?' (Size = 255), @p66='?' (DbType = Boolean), @p67='?' (DbType = Boolean), @p68='?' (Size = 30), @p69='?' (DbType = Int32), @p70='?' (DbType = Boolean), @p71='?' (DbType = Int32), @p72='?' (DbType = Int32), @p73='?' (Size = 255), @p74='?' (DbType = Int32), @p75='?' (Size = 25), @p76='?' (Size = 20), @p77='?' (DbType = Int32), @p78='?' (Size = 255), @p79='?' (DbType = Int32), @p80='?' (Size = 25), @p81='?' (Size = 20), @p82='?' (DbType = Int32), @p83='?' (Size = 255), @p84='?' (DbType = Int32), @p85='?' (Size = 25), @p86='?' (Size = 20), @p87='?' (DbType = Int32), @p88='?' (Size = 255), @p89='?' (DbType = Int32), @p90='?' (Size = 25), @p91='?' (Size = 20)], CommandType='"Text"', CommandTimeout='30']
SET NOCOUNT ON;
MERGE [Canals] USING (
VALUES (@p0, @p1, @p2, @p3, @p4, @p5, @p6, @p7, @p8, 0),
(@p9, @p10, @p11, @p12, @p13, @p14, @p15, @p16, @p17, 1),
(@p18, @p19, @p20, @p21, @p22, @p23, @p24, @p25, @p26, 2),
(@p27, @p28, @p29, @p30, @p31, @p32, @p33, @p34, @p35, 3),
(@p36, @p37, @p38, @p39, @p40, @p41, @p42, @p43, @p44, 4),
(@p45, @p46, @p47, @p48, @p49, @p50, @p51, @p52, @p53, 5),
(@p54, @p55, @p56, @p57, @p58, @p59, @p60, @p61, @p62, 6),
(@p63, @p64, @p65, @p66, @p67, @p68, @p69, @p70, @p71, 7)) AS i ([AsPazEin], [Day], [Description], [Hour], [Month], [Name], [ParameterTypeId], [Reader], [SourceType], _Position) ON 1=0
WHEN NOT MATCHED THEN
INSERT ([AsPazEin], [Day], [Description], [Hour], [Month], [Name], [ParameterTypeId], [Reader], [SourceType])
VALUES (i.[AsPazEin], i.[Day], i.[Description], i.[Hour], i.[Month], i.[Name], i.[ParameterTypeId], i.[Reader], i.[SourceType])
OUTPUT INSERTED.[Id], i._Position;
MERGE [Points] USING (
VALUES (@p72, @p73, @p74, @p75, @p76, 0),
(@p77, @p78, @p79, @p80, @p81, 1),
(@p82, @p83, @p84, @p85, @p86, 2),
(@p87, @p88, @p89, @p90, @p91, 3)) AS i ([CexId], [Description], [EnergyId], [Name], [ServiceStaff], _Position) ON 1=0
WHEN NOT MATCHED THEN
INSERT ([CexId], [Description], [EnergyId], [Name], [ServiceStaff])
VALUES (i.[CexId], i.[Description], i.[EnergyId], i.[Name], i.[ServiceStaff])
OUTPUT INSERTED.[Id], i._Position;
2024-01-24 22:04:28.739 +03:00 [INF] Executed DbCommand (23ms) [Parameters=[@p0='?' (Precision = 18) (Scale = 2) (DbType = Decimal), @p1='?' (DbType = Boolean), @p2='?' (DbType = Boolean), @p3='?' (Precision = 18) (Scale = 2) (DbType = Decimal), @p4='?' (DbType = Boolean), @p5='?' (DbType = Boolean), @p6='?' (DbType = Int32), @p7='?' (Precision = 18) (Scale = 2) (DbType = Decimal), @p8='?' (Precision = 18) (Scale = 2) (DbType = Decimal), @p9='?' (Precision = 18) (Scale = 2) (DbType = Decimal), @p10='?' (DbType = Boolean), @p11='?' (DbType = Boolean), @p12='?' (Precision = 18) (Scale = 2) (DbType = Decimal), @p13='?' (DbType = Boolean), @p14='?' (DbType = Boolean), @p15='?' (Precision = 18) (Scale = 2) (DbType = Decimal), @p16='?' (DbType = Boolean), @p17='?' (DbType = Boolean), @p18='?' (Precision = 18) (Scale = 2) (DbType = Decimal), @p19='?' (DbType = Boolean), @p20='?' (DbType = Boolean), @p21='?' (DbType = Int32), @p22='?' (Precision = 18) (Scale = 2) (DbType = Decimal), @p23='?' (Precision = 18) (Scale = 2) (DbType = Decimal), @p24='?' (Precision = 18) (Scale = 2) (DbType = Decimal), @p25='?' (DbType = Boolean), @p26='?' (DbType = Boolean), @p27='?' (Precision = 18) (Scale = 2) (DbType = Decimal), @p28='?' (DbType = Boolean), @p29='?' (DbType = Boolean), @p30='?' (Precision = 18) (Scale = 2) (DbType = Decimal), @p31='?' (DbType = Boolean), @p32='?' (DbType = Boolean), @p33='?' (Precision = 18) (Scale = 2) (DbType = Decimal), @p34='?' (DbType = Boolean), @p35='?' (DbType = Boolean), @p36='?' (DbType = Int32), @p37='?' (Precision = 18) (Scale = 2) (DbType = Decimal), @p38='?' (Precision = 18) (Scale = 2) (DbType = Decimal), @p39='?' (Precision = 18) (Scale = 2) (DbType = Decimal), @p40='?' (DbType = Boolean), @p41='?' (DbType = Boolean), @p42='?' (Precision = 18) (Scale = 2) (DbType = Decimal), @p43='?' (DbType = Boolean), @p44='?' (DbType = Boolean)], CommandType='"Text"', CommandTimeout='30']
SET IMPLICIT_TRANSACTIONS OFF;
SET NOCOUNT ON;
MERGE [AsPazs] USING (
VALUES (@p0, @p1, @p2, @p3, @p4, @p5, @p6, @p7, @p8, @p9, @p10, @p11, @p12, @p13, @p14, 0),
(@p15, @p16, @p17, @p18, @p19, @p20, @p21, @p22, @p23, @p24, @p25, @p26, @p27, @p28, @p29, 1),
(@p30, @p31, @p32, @p33, @p34, @p35, @p36, @p37, @p38, @p39, @p40, @p41, @p42, @p43, @p44, 2)) AS i ([A_High], [A_HighEin], [A_HighType], [A_Low], [A_LowEin], [A_LowType], [CanalId], [High], [Low], [W_High], [W_HighEin], [W_HighType], [W_Low], [W_LowEin], [W_LowType], _Position) ON 1=0
WHEN NOT MATCHED THEN
INSERT ([A_High], [A_HighEin], [A_HighType], [A_Low], [A_LowEin], [A_LowType], [CanalId], [High], [Low], [W_High], [W_HighEin], [W_HighType], [W_Low], [W_LowEin], [W_LowType])
VALUES (i.[A_High], i.[A_HighEin], i.[A_HighType], i.[A_Low], i.[A_LowEin], i.[A_LowType], i.[CanalId], i.[High], i.[Low], i.[W_High], i.[W_HighEin], i.[W_HighType], i.[W_Low], i.[W_LowEin], i.[W_LowType])
OUTPUT INSERTED.[Id], i._Position;
2024-01-24 22:04:28.929 +03:00 [INF] Executed DbCommand (71ms) [Parameters=[@p15='?' (DbType = Int32), @p0='?' (Precision = 18) (Scale = 2) (DbType = Decimal), @p1='?' (DbType = Boolean), @p2='?' (DbType = Boolean), @p3='?' (Precision = 18) (Scale = 2) (DbType = Decimal), @p4='?' (DbType = Boolean), @p5='?' (DbType = Boolean), @p6='?' (DbType = Int32), @p7='?' (Precision = 18) (Scale = 2) (DbType = Decimal), @p8='?' (Precision = 18) (Scale = 2) (DbType = Decimal), @p9='?' (Precision = 18) (Scale = 2) (DbType = Decimal), @p10='?' (DbType = Boolean), @p11='?' (DbType = Boolean), @p12='?' (Precision = 18) (Scale = 2) (DbType = Decimal), @p13='?' (DbType = Boolean), @p14='?' (DbType = Boolean), @p31='?' (DbType = Int32), @p16='?' (Precision = 18) (Scale = 2) (DbType = Decimal), @p17='?' (DbType = Boolean), @p18='?' (DbType = Boolean), @p19='?' (Precision = 18) (Scale = 2) (DbType = Decimal), @p20='?' (DbType = Boolean), @p21='?' (DbType = Boolean), @p22='?' (DbType = Int32), @p23='?' (Precision = 18) (Scale = 2) (DbType = Decimal), @p24='?' (Precision = 18) (Scale = 2) (DbType = Decimal), @p25='?' (Precision = 18) (Scale = 2) (DbType = Decimal), @p26='?' (DbType = Boolean), @p27='?' (DbType = Boolean), @p28='?' (Precision = 18) (Scale = 2) (DbType = Decimal), @p29='?' (DbType = Boolean), @p30='?' (DbType = Boolean), @p47='?' (DbType = Int32), @p32='?' (Precision = 18) (Scale = 2) (DbType = Decimal), @p33='?' (DbType = Boolean), @p34='?' (DbType = Boolean), @p35='?' (Precision = 18) (Scale = 2) (DbType = Decimal), @p36='?' (DbType = Boolean), @p37='?' (DbType = Boolean), @p38='?' (DbType = Int32), @p39='?' (Precision = 18) (Scale = 2) (DbType = Decimal), @p40='?' (Precision = 18) (Scale = 2) (DbType = Decimal), @p41='?' (Precision = 18) (Scale = 2) (DbType = Decimal), @p42='?' (DbType = Boolean), @p43='?' (DbType = Boolean), @p44='?' (Precision = 18) (Scale = 2) (DbType = Decimal), @p45='?' (DbType = Boolean), @p46='?' (DbType = Boolean), @p53='?' (DbType = Int32), @p48='?' (Size = 50), @p49='?' (Size = 35), @p50='?' (Size = 50), @p51='?' (Size = 70), @p52='?' (Size = 35), @p59='?' (DbType = Int32), @p54='?' (Size = 50), @p55='?' (Size = 35), @p56='?' (Size = 50), @p57='?' (Size = 70), @p58='?' (Size = 35), @p65='?' (DbType = Int32), @p60='?' (Size = 50), @p61='?' (Size = 35), @p62='?' (Size = 50), @p63='?' (Size = 70), @p64='?' (Size = 35), @p71='?' (DbType = Int32), @p66='?' (Size = 50), @p67='?' (Size = 35), @p68='?' (Size = 50), @p69='?' (Size = 70), @p70='?' (Size = 35), @p77='?' (DbType = Int32), @p72='?' (Size = 50), @p73='?' (Size = 35), @p74='?' (Size = 50), @p75='?' (Size = 70), @p76='?' (Size = 35), @p79='?' (DbType = Int32), @p78='?' (Size = 15), @p81='?' (DbType = Int32), @p80='?' (Size = 15), @p83='?' (DbType = Int32), @p82='?' (Size = 15), @p85='?' (DbType = Int32), @p84='?' (Size = 15), @p87='?' (DbType = Int32), @p86='?' (Size = 15), @p91='?' (DbType = Int32), @p88='?' (Size = 5), @p89='?' (Size = 15), @p90='?' (Size = 8), @p95='?' (DbType = Int32), @p92='?' (Size = 5), @p93='?' (Size = 15), @p94='?' (Size = 8), @p99='?' (DbType = Int32), @p96='?' (Size = 5), @p97='?' (Size = 15), @p98='?' (Size = 8), @p103='?' (DbType = Int32), @p100='?' (Size = 5), @p101='?' (Size = 15), @p102='?' (Size = 8), @p107='?' (DbType = Int32), @p104='?' (Size = 5), @p105='?' (Size = 15), @p106='?' (Size = 8), @p111='?' (DbType = Int32), @p108='?' (Size = 5), @p109='?' (Size = 15), @p110='?' (Size = 8), @p115='?' (DbType = Int32), @p112='?' (Size = 5), @p113='?' (Size = 15), @p114='?' (Size = 8)], CommandType='"Text"', CommandTimeout='30']
SET NOCOUNT ON;
UPDATE [AsPazs] SET [A_High] = @p0, [A_HighEin] = @p1, [A_HighType] = @p2, [A_Low] = @p3, [A_LowEin] = @p4, [A_LowType] = @p5, [CanalId] = @p6, [High] = @p7, [Low] = @p8, [W_High] = @p9, [W_HighEin] = @p10, [W_HighType] = @p11, [W_Low] = @p12, [W_LowEin] = @p13, [W_LowType] = @p14
OUTPUT 1
WHERE [Id] = @p15;
UPDATE [AsPazs] SET [A_High] = @p16, [A_HighEin] = @p17, [A_HighType] = @p18, [A_Low] = @p19, [A_LowEin] = @p20, [A_LowType] = @p21, [CanalId] = @p22, [High] = @p23, [Low] = @p24, [W_High] = @p25, [W_HighEin] = @p26, [W_HighType] = @p27, [W_Low] = @p28, [W_LowEin] = @p29, [W_LowType] = @p30
OUTPUT 1
WHERE [Id] = @p31;
UPDATE [AsPazs] SET [A_High] = @p32, [A_HighEin] = @p33, [A_HighType] = @p34, [A_Low] = @p35, [A_LowEin] = @p36, [A_LowType] = @p37, [CanalId] = @p38, [High] = @p39, [Low] = @p40, [W_High] = @p41, [W_HighEin] = @p42, [W_HighType] = @p43, [W_Low] = @p44, [W_LowEin] = @p45, [W_LowType] = @p46
OUTPUT 1
WHERE [Id] = @p47;
UPDATE [Cexs] SET [Area] = @p48, [CexName] = @p49, [Device] = @p50, [Location] = @p51, [Management] = @p52
OUTPUT 1
WHERE [Id] = @p53;
UPDATE [Cexs] SET [Area] = @p54, [CexName] = @p55, [Device] = @p56, [Location] = @p57, [Management] = @p58
OUTPUT 1
WHERE [Id] = @p59;
UPDATE [Cexs] SET [Area] = @p60, [CexName] = @p61, [Device] = @p62, [Location] = @p63, [Management] = @p64
OUTPUT 1
WHERE [Id] = @p65;
UPDATE [Cexs] SET [Area] = @p66, [CexName] = @p67, [Device] = @p68, [Location] = @p69, [Management] = @p70
OUTPUT 1
WHERE [Id] = @p71;
UPDATE [Cexs] SET [Area] = @p72, [CexName] = @p73, [Device] = @p74, [Location] = @p75, [Management] = @p76
OUTPUT 1
WHERE [Id] = @p77;
UPDATE [Enegies] SET [EnergyName] = @p78
OUTPUT 1
WHERE [Id] = @p79;
UPDATE [Enegies] SET [EnergyName] = @p80
OUTPUT 1
WHERE [Id] = @p81;
UPDATE [Enegies] SET [EnergyName] = @p82
OUTPUT 1
WHERE [Id] = @p83;
UPDATE [Enegies] SET [EnergyName] = @p84
OUTPUT 1
WHERE [Id] = @p85;
UPDATE [Enegies] SET [EnergyName] = @p86
OUTPUT 1
WHERE [Id] = @p87;
UPDATE [ParameterTypes] SET [Mnemo] = @p88, [Name] = @p89, [UnitMeas] = @p90
OUTPUT 1
WHERE [Id] = @p91;
UPDATE [ParameterTypes] SET [Mnemo] = @p92, [Name] = @p93, [UnitMeas] = @p94
OUTPUT 1
WHERE [Id] = @p95;
UPDATE [ParameterTypes] SET [Mnemo] = @p96, [Name] = @p97, [UnitMeas] = @p98
OUTPUT 1
WHERE [Id] = @p99;
UPDATE [ParameterTypes] SET [Mnemo] = @p100, [Name] = @p101, [UnitMeas] = @p102
OUTPUT 1
WHERE [Id] = @p103;
UPDATE [ParameterTypes] SET [Mnemo] = @p104, [Name] = @p105, [UnitMeas] = @p106
OUTPUT 1
WHERE [Id] = @p107;
UPDATE [ParameterTypes] SET [Mnemo] = @p108, [Name] = @p109, [UnitMeas] = @p110
OUTPUT 1
WHERE [Id] = @p111;
UPDATE [ParameterTypes] SET [Mnemo] = @p112, [Name] = @p113, [UnitMeas] = @p114
OUTPUT 1
WHERE [Id] = @p115;
2024-01-24 22:04:29.255 +03:00 [INF] Executed DbCommand (29ms) [Parameters=[@p0='?' (DbType = Int32), @p1='?' (DbType = Int32), @p2='?' (DbType = Int32), @p3='?' (DbType = Int32), @p4='?' (DbType = Int32), @p5='?' (DbType = Int32), @p6='?' (DbType = Int32), @p7='?' (DbType = Int32), @p8='?' (DbType = Int32), @p9='?' (DbType = Int32), @p10='?' (DbType = Int32), @p11='?' (DbType = Int32), @p12='?' (DbType = Int32), @p13='?' (DbType = Int32), @p14='?' (DbType = Int32), @p15='?' (DbType = Int32), @p16='?' (DbType = Int32), @p17='?' (DbType = Int32), @p18='?' (DbType = Int32), @p19='?' (DbType = Int32), @p20='?' (DbType = Int32), @p21='?' (DbType = Int32), @p22='?' (DbType = Int32), @p23='?' (DbType = Int32), @p24='?' (DbType = Int32), @p25='?' (DbType = Int32), @p26='?' (DbType = Int32), @p27='?' (DbType = Int32), @p33='?' (DbType = Int32), @p28='?' (DbType = Int32), @p29='?' (Size = 255), @p30='?' (DbType = Int32), @p31='?' (Size = 25), @p32='?' (Size = 20), @p39='?' (DbType = Int32), @p34='?' (DbType = Int32), @p35='?' (Size = 255), @p36='?' (DbType = Int32), @p37='?' (Size = 25), @p38='?' (Size = 20), @p45='?' (DbType = Int32), @p40='?' (DbType = Int32), @p41='?' (Size = 255), @p42='?' (DbType = Int32), @p43='?' (Size = 25), @p44='?' (Size = 20), @p51='?' (DbType = Int32), @p46='?' (DbType = Int32), @p47='?' (Size = 255), @p48='?' (DbType = Int32), @p49='?' (Size = 25), @p50='?' (Size = 20)], CommandType='"Text"', CommandTimeout='30']
SET NOCOUNT ON;
INSERT INTO [CanalPoint] ([CanalsId], [PointsId])
VALUES (@p0, @p1),
(@p2, @p3),
(@p4, @p5),
(@p6, @p7),
(@p8, @p9),
(@p10, @p11),
(@p12, @p13),
(@p14, @p15),
(@p16, @p17),
(@p18, @p19),
(@p20, @p21),
(@p22, @p23),
(@p24, @p25),
(@p26, @p27);
UPDATE [Points] SET [CexId] = @p28, [Description] = @p29, [EnergyId] = @p30, [Name] = @p31, [ServiceStaff] = @p32
OUTPUT 1
WHERE [Id] = @p33;
UPDATE [Points] SET [CexId] = @p34, [Description] = @p35, [EnergyId] = @p36, [Name] = @p37, [ServiceStaff] = @p38
OUTPUT 1
WHERE [Id] = @p39;
UPDATE [Points] SET [CexId] = @p40, [Description] = @p41, [EnergyId] = @p42, [Name] = @p43, [ServiceStaff] = @p44
OUTPUT 1
WHERE [Id] = @p45;
UPDATE [Points] SET [CexId] = @p46, [Description] = @p47, [EnergyId] = @p48, [Name] = @p49, [ServiceStaff] = @p50
OUTPUT 1
WHERE [Id] = @p51;
2024-01-24 22:04:29.400 +03:00 [INF] Executed DbCommand (42ms) [Parameters=[@p9='?' (DbType = Int32), @p0='?' (DbType = Boolean), @p1='?' (DbType = Boolean), @p2='?' (Size = 255), @p3='?' (DbType = Boolean), @p4='?' (DbType = Boolean), @p5='?' (Size = 30), @p6='?' (DbType = Int32), @p7='?' (DbType = Boolean), @p8='?' (DbType = Int32), @p19='?' (DbType = Int32), @p10='?' (DbType = Boolean), @p11='?' (DbType = Boolean), @p12='?' (Size = 255), @p13='?' (DbType = Boolean), @p14='?' (DbType = Boolean), @p15='?' (Size = 30), @p16='?' (DbType = Int32), @p17='?' (DbType = Boolean), @p18='?' (DbType = Int32), @p29='?' (DbType = Int32), @p20='?' (DbType = Boolean), @p21='?' (DbType = Boolean), @p22='?' (Size = 255), @p23='?' (DbType = Boolean), @p24='?' (DbType = Boolean), @p25='?' (Size = 30), @p26='?' (DbType = Int32), @p27='?' (DbType = Boolean), @p28='?' (DbType = Int32), @p39='?' (DbType = Int32), @p30='?' (DbType = Boolean), @p31='?' (DbType = Boolean), @p32='?' (Size = 255), @p33='?' (DbType = Boolean), @p34='?' (DbType = Boolean), @p35='?' (Size = 30), @p36='?' (DbType = Int32), @p37='?' (DbType = Boolean), @p38='?' (DbType = Int32), @p49='?' (DbType = Int32), @p40='?' (DbType = Boolean), @p41='?' (DbType = Boolean), @p42='?' (Size = 255), @p43='?' (DbType = Boolean), @p44='?' (DbType = Boolean), @p45='?' (Size = 30), @p46='?' (DbType = Int32), @p47='?' (DbType = Boolean), @p48='?' (DbType = Int32), @p59='?' (DbType = Int32), @p50='?' (DbType = Boolean), @p51='?' (DbType = Boolean), @p52='?' (Size = 255), @p53='?' (DbType = Boolean), @p54='?' (DbType = Boolean), @p55='?' (Size = 30), @p56='?' (DbType = Int32), @p57='?' (DbType = Boolean), @p58='?' (DbType = Int32), @p69='?' (DbType = Int32), @p60='?' (DbType = Boolean), @p61='?' (DbType = Boolean), @p62='?' (Size = 255), @p63='?' (DbType = Boolean), @p64='?' (DbType = Boolean), @p65='?' (Size = 30), @p66='?' (DbType = Int32), @p67='?' (DbType = Boolean), @p68='?' (DbType = Int32), @p79='?' (DbType = Int32), @p70='?' (DbType = Boolean), @p71='?' (DbType = Boolean), @p72='?' (Size = 255), @p73='?' (DbType = Boolean), @p74='?' (DbType = Boolean), @p75='?' (Size = 30), @p76='?' (DbType = Int32), @p77='?' (DbType = Boolean), @p78='?' (DbType = Int32)], CommandType='"Text"', CommandTimeout='30']
SET NOCOUNT ON;
UPDATE [Canals] SET [AsPazEin] = @p0, [Day] = @p1, [Description] = @p2, [Hour] = @p3, [Month] = @p4, [Name] = @p5, [ParameterTypeId] = @p6, [Reader] = @p7, [SourceType] = @p8
OUTPUT 1
WHERE [Id] = @p9;
UPDATE [Canals] SET [AsPazEin] = @p10, [Day] = @p11, [Description] = @p12, [Hour] = @p13, [Month] = @p14, [Name] = @p15, [ParameterTypeId] = @p16, [Reader] = @p17, [SourceType] = @p18
OUTPUT 1
WHERE [Id] = @p19;
UPDATE [Canals] SET [AsPazEin] = @p20, [Day] = @p21, [Description] = @p22, [Hour] = @p23, [Month] = @p24, [Name] = @p25, [ParameterTypeId] = @p26, [Reader] = @p27, [SourceType] = @p28
OUTPUT 1
WHERE [Id] = @p29;
UPDATE [Canals] SET [AsPazEin] = @p30, [Day] = @p31, [Description] = @p32, [Hour] = @p33, [Month] = @p34, [Name] = @p35, [ParameterTypeId] = @p36, [Reader] = @p37, [SourceType] = @p38
OUTPUT 1
WHERE [Id] = @p39;
UPDATE [Canals] SET [AsPazEin] = @p40, [Day] = @p41, [Description] = @p42, [Hour] = @p43, [Month] = @p44, [Name] = @p45, [ParameterTypeId] = @p46, [Reader] = @p47, [SourceType] = @p48
OUTPUT 1
WHERE [Id] = @p49;
UPDATE [Canals] SET [AsPazEin] = @p50, [Day] = @p51, [Description] = @p52, [Hour] = @p53, [Month] = @p54, [Name] = @p55, [ParameterTypeId] = @p56, [Reader] = @p57, [SourceType] = @p58
OUTPUT 1
WHERE [Id] = @p59;
UPDATE [Canals] SET [AsPazEin] = @p60, [Day] = @p61, [Description] = @p62, [Hour] = @p63, [Month] = @p64, [Name] = @p65, [ParameterTypeId] = @p66, [Reader] = @p67, [SourceType] = @p68
OUTPUT 1
WHERE [Id] = @p69;
UPDATE [Canals] SET [AsPazEin] = @p70, [Day] = @p71, [Description] = @p72, [Hour] = @p73, [Month] = @p74, [Name] = @p75, [ParameterTypeId] = @p76, [Reader] = @p77, [SourceType] = @p78
OUTPUT 1
WHERE [Id] = @p79;
2024-01-24 22:04:29.497 +03:00 [INF] Executed DbCommand (9ms) [Parameters=[@p0='?' (Size = 255), @p1='?' (DbType = Int32), @p2='?' (Size = 255), @p3='?' (DbType = Int32)], CommandType='"Text"', CommandTimeout='30']
SET IMPLICIT_TRANSACTIONS OFF;
SET NOCOUNT ON;
MERGE [GroupUsers] USING (
VALUES (@p0, @p1, 0),
(@p2, @p3, 1)) AS i ([Description], [Number], _Position) ON 1=0
WHEN NOT MATCHED THEN
INSERT ([Description], [Number])
VALUES (i.[Description], i.[Number])
OUTPUT INSERTED.[Id], i._Position;
2024-01-24 22:04:29.643 +03:00 [INF] Executed DbCommand (11ms) [Parameters=[@p0='?' (DbType = Guid), @p1='?' (Size = 12), @p2='?' (Size = 255), @p3='?' (DbType = Guid), @p4='?' (Size = 12), @p5='?' (Size = 255), @p6='?' (DbType = Guid), @p7='?' (Size = 12), @p8='?' (Size = 255), @p9='?' (DbType = Guid), @p10='?' (Size = 12), @p11='?' (Size = 255), @p12='?' (DbType = Guid), @p13='?' (Size = 255), @p14='?' (Size = 4000), @p15='?' (DbType = Int32), @p16='?' (Size = 30), @p17='?' (Size = 4000), @p18='?' (DbType = Guid), @p19='?' (Size = 255), @p20='?' (Size = 4000), @p21='?' (DbType = Int32), @p22='?' (Size = 30), @p23='?' (Size = 4000)], CommandType='"Text"', CommandTimeout='30']
SET NOCOUNT ON;
INSERT INTO [AppRoles] ([Id], [Name], [Value])
VALUES (@p0, @p1, @p2),
(@p3, @p4, @p5),
(@p6, @p7, @p8),
(@p9, @p10, @p11);
INSERT INTO [AppUsers] ([Id], [Description], [Email], [GroupNumber], [Name], [PasswordHash])
VALUES (@p12, @p13, @p14, @p15, @p16, @p17),
(@p18, @p19, @p20, @p21, @p22, @p23);
2024-01-24 22:04:29.741 +03:00 [INF] Executed DbCommand (17ms) [Parameters=[@p0='?' (DbType = Guid), @p1='?' (DbType = Guid), @p4='?' (DbType = Guid), @p2='?' (Size = 12), @p3='?' (Size = 255), @p10='?' (DbType = Guid), @p5='?' (Size = 255), @p6='?' (Size = 4000), @p7='?' (DbType = Int32), @p8='?' (Size = 30), @p9='?' (Size = 4000)], CommandType='"Text"', CommandTimeout='30']
SET NOCOUNT ON;
INSERT INTO [AppRoleAppUser] ([AppRolesId], [AppUsersId])
VALUES (@p0, @p1);
UPDATE [AppRoles] SET [Name] = @p2, [Value] = @p3
OUTPUT 1
WHERE [Id] = @p4;
UPDATE [AppUsers] SET [Description] = @p5, [Email] = @p6, [GroupNumber] = @p7, [Name] = @p8, [PasswordHash] = @p9
OUTPUT 1
WHERE [Id] = @p10;
2024-01-24 22:04:29.785 +03:00 [INF] Executed DbCommand (4ms) [Parameters=[@p0='?' (DbType = Guid), @p1='?' (DbType = Guid), @p4='?' (DbType = Guid), @p2='?' (Size = 12), @p3='?' (Size = 255), @p10='?' (DbType = Guid), @p5='?' (Size = 255), @p6='?' (Size = 4000), @p7='?' (DbType = Int32), @p8='?' (Size = 30), @p9='?' (Size = 4000)], CommandType='"Text"', CommandTimeout='30']
SET NOCOUNT ON;
INSERT INTO [AppRoleAppUser] ([AppRolesId], [AppUsersId])
VALUES (@p0, @p1);
UPDATE [AppRoles] SET [Name] = @p2, [Value] = @p3
OUTPUT 1
WHERE [Id] = @p4;
UPDATE [AppUsers] SET [Description] = @p5, [Email] = @p6, [GroupNumber] = @p7, [Name] = @p8, [PasswordHash] = @p9
OUTPUT 1
WHERE [Id] = @p10;
2024-01-24 22:04:29.803 +03:00 [INF] *->InitApplicattionDbContext->InitDbvalue->SetValueDb...END. Result OK
2024-01-24 22:04:29.804 +03:00 [INF] *->InitApplicattionDbContext->InitDbvalue...END. Result OK (TRUE)
2024-01-24 22:04:29.806 +03:00 [INF] Executing ViewResult, running view Index.
2024-01-24 22:04:29.885 +03:00 [INF] *->InitApplicattionDbContext->get DatabaseName
2024-01-24 22:04:29.897 +03:00 [INF] Executed ViewResult - view Index executed in 92.473ms.
2024-01-24 22:04:29.901 +03:00 [INF] Executed action Sucre_MVC.Controllers.HomeController.InitDbData (Sucre_MVC) in 6623.381ms
2024-01-24 22:04:29.903 +03:00 [INF] Executed endpoint 'Sucre_MVC.Controllers.HomeController.InitDbData (Sucre_MVC)'
2024-01-24 22:04:29.909 +03:00 [INF] Request starting HTTP/2 GET https://localhost:7291/_framework/aspnetcore-browser-refresh.js - null null
2024-01-24 22:04:29.909 +03:00 [INF] Request starting HTTP/2 GET https://localhost:7291/_vs/browserLink - null null
2024-01-24 22:04:29.917 +03:00 [INF] Request finished HTTP/2 GET https://localhost:7291/_framework/aspnetcore-browser-refresh.js - 200 13754 application/javascript; charset=utf-8 6.4174ms
2024-01-24 22:04:29.945 +03:00 [INF] Request finished HTTP/2 GET https://localhost:7291/Home/InitDbData - 200 null text/html; charset=utf-8 6699.298ms
2024-01-24 22:04:29.962 +03:00 [INF] Request finished HTTP/2 GET https://localhost:7291/_vs/browserLink - 200 null text/javascript; charset=UTF-8 53.0137ms
2024-01-24 22:04:29.970 +03:00 [INF] Request starting HTTP/1.1 GET https://localhost:7291/lib/bootstrap532/dist/js/bootstrap.bundle.js.map - null null
2024-01-24 22:04:29.979 +03:00 [INF] Sending file. Request path: '/lib/bootstrap532/dist/js/bootstrap.bundle.js.map'. Physical path: 'C:\Projects\ItAcademy\Sukre-v00\Sucre\Sucre_MVC\wwwroot\lib\bootstrap532\dist\js\bootstrap.bundle.js.map'
2024-01-24 22:04:29.981 +03:00 [INF] Request finished HTTP/1.1 GET https://localhost:7291/lib/bootstrap532/dist/js/bootstrap.bundle.js.map - 200 444286 text/plain 10.8352ms
2024-01-24 22:05:45.953 +03:00 [INF] Request starting HTTP/2 GET https://localhost:7291/Canal - null null
2024-01-24 22:05:46.008 +03:00 [INF] Executing endpoint 'Sucre_MVC.Controllers.CanalController.Index (Sucre_MVC)'
2024-01-24 22:05:46.016 +03:00 [INF] Route matched with {action = "Index", controller = "Canal"}. Executing controller action with signature System.Threading.Tasks.Task`1[Microsoft.AspNetCore.Mvc.IActionResult] Index() on controller Sucre_MVC.Controllers.CanalController (Sucre_MVC).
2024-01-24 22:05:46.033 +03:00 [INF] *->Use IRepository DbSucreCex-22:05
2024-01-24 22:05:46.034 +03:00 [INF] SucreUnitOfWork use
2024-01-24 22:05:46.034 +03:00 [INF] *->SucreUnitOfWork use
2024-01-24 22:05:46.102 +03:00 [INF] Executed DbCommand (17ms) [Parameters=[], CommandType='"Text"', CommandTimeout='30']
SELECT [c].[Id], [c].[AsPazEin], [c].[Day], [c].[Description], [c].[Hour], [c].[Month], [c].[Name], [c].[ParameterTypeId], [c].[Reader], [c].[SourceType], [p].[Id], [p].[Mnemo], [p].[Name], [p].[UnitMeas], [a].[Id], [a].[A_High], [a].[A_HighEin], [a].[A_HighType], [a].[A_Low], [a].[A_LowEin], [a].[A_LowType], [a].[CanalId], [a].[High], [a].[Low], [a].[W_High], [a].[W_HighEin], [a].[W_HighType], [a].[W_Low], [a].[W_LowEin], [a].[W_LowType]
FROM [Canals] AS [c]
INNER JOIN [ParameterTypes] AS [p] ON [c].[ParameterTypeId] = [p].[Id]
LEFT JOIN [AsPazs] AS [a] ON [c].[Id] = [a].[CanalId]
2024-01-24 22:05:46.174 +03:00 [INF] Executing ViewResult, running view Index.
2024-01-24 22:05:46.440 +03:00 [INF] *->InitApplicattionDbContext->get DatabaseName
2024-01-24 22:05:46.461 +03:00 [INF] Executed ViewResult - view Index executed in 290.3525ms.
2024-01-24 22:05:46.472 +03:00 [INF] Executed action Sucre_MVC.Controllers.CanalController.Index (Sucre_MVC) in 444.8097ms
2024-01-24 22:05:46.472 +03:00 [INF] Request starting HTTP/2 GET https://localhost:7291/_vs/browserLink - null null
2024-01-24 22:05:46.472 +03:00 [INF] Request starting HTTP/2 GET https://localhost:7291/_framework/aspnetcore-browser-refresh.js - null null
2024-01-24 22:05:46.476 +03:00 [INF] Executed endpoint 'Sucre_MVC.Controllers.CanalController.Index (Sucre_MVC)'
2024-01-24 22:05:46.484 +03:00 [INF] Request finished HTTP/2 GET https://localhost:7291/_framework/aspnetcore-browser-refresh.js - 200 13754 application/javascript; charset=utf-8 11.7033ms
2024-01-24 22:05:46.510 +03:00 [INF] Request finished HTTP/2 GET https://localhost:7291/_vs/browserLink - 200 null text/javascript; charset=UTF-8 38.0136ms
2024-01-24 22:05:46.516 +03:00 [INF] Request finished HTTP/2 GET https://localhost:7291/Canal - 200 null text/html; charset=utf-8 563.8346ms
2024-01-24 22:05:46.566 +03:00 [INF] Request starting HTTP/1.1 GET https://localhost:7291/lib/bootstrap532/dist/js/bootstrap.bundle.js.map - null null
2024-01-24 22:05:46.574 +03:00 [INF] Sending file. Request path: '/lib/bootstrap532/dist/js/bootstrap.bundle.js.map'. Physical path: 'C:\Projects\ItAcademy\Sukre-v00\Sucre\Sucre_MVC\wwwroot\lib\bootstrap532\dist\js\bootstrap.bundle.js.map'
2024-01-24 22:05:46.576 +03:00 [INF] Request finished HTTP/1.1 GET https://localhost:7291/lib/bootstrap532/dist/js/bootstrap.bundle.js.map - 200 444286 text/plain 9.6087ms
2024-01-24 22:06:46.677 +03:00 [INF] Request starting HTTP/2 GET https://localhost:7291/Canal/Upsert/1 - null null
2024-01-24 22:06:46.700 +03:00 [INF] Executing endpoint 'Sucre_MVC.Controllers.CanalController.Upsert (Sucre_MVC)'
2024-01-24 22:06:46.707 +03:00 [INF] Route matched with {action = "Upsert", controller = "Canal"}. Executing controller action with signature System.Threading.Tasks.Task`1[Microsoft.AspNetCore.Mvc.IActionResult] Upsert(System.Nullable`1[System.Int32]) on controller Sucre_MVC.Controllers.CanalController (Sucre_MVC).
2024-01-24 22:06:46.722 +03:00 [INF] *->Use IRepository DbSucreCex-22:06
2024-01-24 22:06:46.723 +03:00 [INF] SucreUnitOfWork use
2024-01-24 22:06:46.724 +03:00 [INF] *->SucreUnitOfWork use
2024-01-24 22:06:46.767 +03:00 [INF] Executed DbCommand (5ms) [Parameters=[], CommandType='"Text"', CommandTimeout='30']
SELECT [p].[Id], [p].[Mnemo], [p].[Name], [p].[UnitMeas]
FROM [ParameterTypes] AS [p]
2024-01-24 22:06:46.855 +03:00 [INF] Executed DbCommand (9ms) [Parameters=[@__p_0='?' (DbType = Int32)], CommandType='"Text"', CommandTimeout='30']
SELECT TOP(1) [c].[Id], [c].[AsPazEin], [c].[Day], [c].[Description], [c].[Hour], [c].[Month], [c].[Name], [c].[ParameterTypeId], [c].[Reader], [c].[SourceType]
FROM [Canals] AS [c]
WHERE [c].[Id] = @__p_0
2024-01-24 22:06:46.899 +03:00 [INF] Executing ViewResult, running view Upsert.
2024-01-24 22:06:47.029 +03:00 [INF] *->InitApplicattionDbContext->get DatabaseName
2024-01-24 22:06:47.045 +03:00 [INF] Executed ViewResult - view Upsert executed in 151.5076ms.
2024-01-24 22:06:47.054 +03:00 [INF] Executed action Sucre_MVC.Controllers.CanalController.Upsert (Sucre_MVC) in 335.5467ms
2024-01-24 22:06:47.058 +03:00 [INF] Executed endpoint 'Sucre_MVC.Controllers.CanalController.Upsert (Sucre_MVC)'
2024-01-24 22:06:47.062 +03:00 [INF] Request starting HTTP/2 GET https://localhost:7291/_framework/aspnetcore-browser-refresh.js - null null
2024-01-24 22:06:47.062 +03:00 [INF] Request starting HTTP/2 GET https://localhost:7291/_vs/browserLink - null null
2024-01-24 22:06:47.084 +03:00 [INF] Request finished HTTP/2 GET https://localhost:7291/_framework/aspnetcore-browser-refresh.js - 200 13754 application/javascript; charset=utf-8 23.1078ms
2024-01-24 22:06:47.113 +03:00 [INF] Request finished HTTP/2 GET https://localhost:7291/Canal/Upsert/1 - 200 null text/html; charset=utf-8 435.9219ms
2024-01-24 22:06:47.120 +03:00 [INF] Request finished HTTP/2 GET https://localhost:7291/_vs/browserLink - 200 null text/javascript; charset=UTF-8 57.9767ms
2024-01-24 22:06:47.136 +03:00 [INF] Request starting HTTP/1.1 GET https://localhost:7291/lib/bootstrap532/dist/js/bootstrap.bundle.js.map - null null
2024-01-24 22:06:47.144 +03:00 [INF] Sending file. Request path: '/lib/bootstrap532/dist/js/bootstrap.bundle.js.map'. Physical path: 'C:\Projects\ItAcademy\Sukre-v00\Sucre\Sucre_MVC\wwwroot\lib\bootstrap532\dist\js\bootstrap.bundle.js.map'
2024-01-24 22:06:47.146 +03:00 [INF] Request finished HTTP/1.1 GET https://localhost:7291/lib/bootstrap532/dist/js/bootstrap.bundle.js.map - 200 444286 text/plain 10.6962ms
